CRITICAL - 2025-01-04 05:02:39 --> ErrorException: Undefined array key "staff_data"
[Method: GET, Route: edit_order/2]
in APPPATH\Views\vendor\edit_order.php on line 65.
 1 APPPATH\Views\vendor\edit_order.php(65): CodeIgniter\Debug\Exceptions->errorHandler(2, 'Undefined array key "staff_data"', 'C:\\xampp\\htdocs\\caters\\app\\Views\\vendor\\edit_order.php', 65)
 2 SYSTEMPATH\View\View.php(234): include('C:\\xampp\\htdocs\\caters\\app\\Views\\vendor\\edit_order.php')
 3 SYSTEMPATH\View\View.php(237): CodeIgniter\View\View->CodeIgniter\View\{closure}()
 4 SYSTEMPATH\Common.php(1171): CodeIgniter\View\View->render('vendor/edit_order', [], true)
 5 APPPATH\Controllers\Vendor.php(77): view('vendor/edit_order', [...])
 6 SYSTEMPATH\CodeIgniter.php(933): App\Controllers\Vendor->edit_order('2')
 7 SYSTEMPATH\CodeIgniter.php(509): CodeIgniter\CodeIgniter->runController(Object(App\Controllers\Vendor))
 8 SYSTEMPATH\CodeIgniter.php(355): CodeIgniter\CodeIgniter->handleRequest(null, Object(Config\Cache), false)
 9 SYSTEMPATH\Boot.php(334): CodeIgniter\CodeIgniter->run()
10 SYSTEMPATH\Boot.php(67): CodeIgniter\Boot::runCodeIgniter(Object(CodeIgniter\CodeIgniter))
11 FCPATH\index.php(56): CodeIgniter\Boot::bootWeb(Object(Config\Paths))
CRITICAL - 2025-01-04 05:03:32 --> ErrorException: Undefined array key "staff_data"
[Method: GET, Route: edit_order/2]
in APPPATH\Views\vendor\edit_order.php on line 65.
 1 APPPATH\Views\vendor\edit_order.php(65): CodeIgniter\Debug\Exceptions->errorHandler(2, 'Undefined array key "staff_data"', 'C:\\xampp\\htdocs\\caters\\app\\Views\\vendor\\edit_order.php', 65)
 2 SYSTEMPATH\View\View.php(234): include('C:\\xampp\\htdocs\\caters\\app\\Views\\vendor\\edit_order.php')
 3 SYSTEMPATH\View\View.php(237): CodeIgniter\View\View->CodeIgniter\View\{closure}()
 4 SYSTEMPATH\Common.php(1171): CodeIgniter\View\View->render('vendor/edit_order', [], true)
 5 APPPATH\Controllers\Vendor.php(78): view('vendor/edit_order', [...])
 6 SYSTEMPATH\CodeIgniter.php(933): App\Controllers\Vendor->edit_order('2')
 7 SYSTEMPATH\CodeIgniter.php(509): CodeIgniter\CodeIgniter->runController(Object(App\Controllers\Vendor))
 8 SYSTEMPATH\CodeIgniter.php(355): CodeIgniter\CodeIgniter->handleRequest(null, Object(Config\Cache), false)
 9 SYSTEMPATH\Boot.php(334): CodeIgniter\CodeIgniter->run()
10 SYSTEMPATH\Boot.php(67): CodeIgniter\Boot::runCodeIgniter(Object(CodeIgniter\CodeIgniter))
11 FCPATH\index.php(56): CodeIgniter\Boot::bootWeb(Object(Config\Paths))
CRITICAL - 2025-01-04 05:03:40 --> ErrorException: Undefined array key "staff_data"
[Method: GET, Route: edit_order/2]
in APPPATH\Views\vendor\edit_order.php on line 65.
 1 APPPATH\Views\vendor\edit_order.php(65): CodeIgniter\Debug\Exceptions->errorHandler(2, 'Undefined array key "staff_data"', 'C:\\xampp\\htdocs\\caters\\app\\Views\\vendor\\edit_order.php', 65)
 2 SYSTEMPATH\View\View.php(234): include('C:\\xampp\\htdocs\\caters\\app\\Views\\vendor\\edit_order.php')
 3 SYSTEMPATH\View\View.php(237): CodeIgniter\View\View->CodeIgniter\View\{closure}()
 4 SYSTEMPATH\Common.php(1171): CodeIgniter\View\View->render('vendor/edit_order', [], true)
 5 APPPATH\Controllers\Vendor.php(78): view('vendor/edit_order', [...])
 6 SYSTEMPATH\CodeIgniter.php(933): App\Controllers\Vendor->edit_order('2')
 7 SYSTEMPATH\CodeIgniter.php(509): CodeIgniter\CodeIgniter->runController(Object(App\Controllers\Vendor))
 8 SYSTEMPATH\CodeIgniter.php(355): CodeIgniter\CodeIgniter->handleRequest(null, Object(Config\Cache), false)
 9 SYSTEMPATH\Boot.php(334): CodeIgniter\CodeIgniter->run()
10 SYSTEMPATH\Boot.php(67): CodeIgniter\Boot::runCodeIgniter(Object(CodeIgniter\CodeIgniter))
11 FCPATH\index.php(56): CodeIgniter\Boot::bootWeb(Object(Config\Paths))
ERROR - 2025-01-04 06:04:10 --> mysqli_sql_exception: Column 'count' cannot be null in C:\xampp\htdocs\caters\system\Database\MySQLi\Connection.php:312
Stack trace:
#0 C:\xampp\htdocs\caters\system\Database\MySQLi\Connection.php(312): mysqli->query('INSERT INTO `or...', 0)
#1 C:\xampp\htdocs\caters\system\Database\BaseConnection.php(734): CodeIgniter\Database\MySQLi\Connection->execute('INSERT INTO `or...')
#2 C:\xampp\htdocs\caters\system\Database\BaseConnection.php(648): CodeIgniter\Database\BaseConnection->simpleQuery('INSERT INTO `or...')
#3 C:\xampp\htdocs\caters\system\Database\BaseBuilder.php(2340): CodeIgniter\Database\BaseConnection->query('INSERT INTO `or...', Array, false)
#4 C:\xampp\htdocs\caters\system\Model.php(394): CodeIgniter\Database\BaseBuilder->insert()
#5 C:\xampp\htdocs\caters\system\BaseModel.php(839): CodeIgniter\Model->doInsert(Array)
#6 C:\xampp\htdocs\caters\system\Model.php(800): CodeIgniter\BaseModel->insert(Array, true)
#7 C:\xampp\htdocs\caters\app\Controllers\Vendor.php(58): CodeIgniter\Model->insert(Array)
#8 C:\xampp\htdocs\caters\system\CodeIgniter.php(933): App\Controllers\Vendor->save_order()
#9 C:\xampp\htdocs\caters\system\CodeIgniter.php(509): CodeIgniter\CodeIgniter->runController(Object(App\Controllers\Vendor))
#10 C:\xampp\htdocs\caters\system\CodeIgniter.php(355): CodeIgniter\CodeIgniter->handleRequest(NULL, Object(Config\Cache), false)
#11 C:\xampp\htdocs\caters\system\Boot.php(334): CodeIgniter\CodeIgniter->run()
#12 C:\xampp\htdocs\caters\system\Boot.php(67): CodeIgniter\Boot::runCodeIgniter(Object(CodeIgniter\CodeIgniter))
#13 C:\xampp\htdocs\caters\index.php(56): CodeIgniter\Boot::bootWeb(Object(Config\Paths))
#14 {main}
CRITICAL - 2025-01-04 06:04:10 --> CodeIgniter\Database\Exceptions\DatabaseException: Column 'count' cannot be null
[Method: POST, Route: save_order]
in SYSTEMPATH\Database\BaseConnection.php on line 688.
 1 SYSTEMPATH\Database\BaseBuilder.php(2340): CodeIgniter\Database\BaseConnection->query('INSERT INTO `orders` (`start_date`, `end_date`, `venue`, `staff_time`, `shift`, `staff`, `count`) VALUES (:start_date:, :end_date:, :venue:, :staff_time:, :shift:, :staff:, :count:)', [...], false)
 2 SYSTEMPATH\Model.php(394): CodeIgniter\Database\BaseBuilder->insert()
 3 SYSTEMPATH\BaseModel.php(839): CodeIgniter\Model->doInsert([...])
 4 SYSTEMPATH\Model.php(800): CodeIgniter\BaseModel->insert([...], true)
 5 APPPATH\Controllers\Vendor.php(58): CodeIgniter\Model->insert([...])
 6 SYSTEMPATH\CodeIgniter.php(933): App\Controllers\Vendor->save_order()
 7 SYSTEMPATH\CodeIgniter.php(509): CodeIgniter\CodeIgniter->runController(Object(App\Controllers\Vendor))
 8 SYSTEMPATH\CodeIgniter.php(355): CodeIgniter\CodeIgniter->handleRequest(null, Object(Config\Cache), false)
 9 SYSTEMPATH\Boot.php(334): CodeIgniter\CodeIgniter->run()
10 SYSTEMPATH\Boot.php(67): CodeIgniter\Boot::runCodeIgniter(Object(CodeIgniter\CodeIgniter))
11 FCPATH\index.php(56): CodeIgniter\Boot::bootWeb(Object(Config\Paths))
CRITICAL - 2025-01-04 06:04:10 --> [Caused by] CodeIgniter\Database\Exceptions\DatabaseException: Column 'count' cannot be null
in SYSTEMPATH\Database\MySQLi\Connection.php on line 317.
 1 SYSTEMPATH\Database\BaseConnection.php(734): CodeIgniter\Database\MySQLi\Connection->execute('INSERT INTO `orders` (`start_date`, `end_date`, `venue`, `staff_time`, `shift`, `staff`, `count`) VALUES (\'2025-01-04\', \'2025-01-04\', \'Pune\', \'00:00\', \'morning\', \'null\', NULL)')
 2 SYSTEMPATH\Database\BaseConnection.php(648): CodeIgniter\Database\BaseConnection->simpleQuery('INSERT INTO `orders` (`start_date`, `end_date`, `venue`, `staff_time`, `shift`, `staff`, `count`) VALUES (\'2025-01-04\', \'2025-01-04\', \'Pune\', \'00:00\', \'morning\', \'null\', NULL)')
 3 SYSTEMPATH\Database\BaseBuilder.php(2340): CodeIgniter\Database\BaseConnection->query('INSERT INTO `orders` (`start_date`, `end_date`, `venue`, `staff_time`, `shift`, `staff`, `count`) VALUES (:start_date:, :end_date:, :venue:, :staff_time:, :shift:, :staff:, :count:)', [...], false)
 4 SYSTEMPATH\Model.php(394): CodeIgniter\Database\BaseBuilder->insert()
 5 SYSTEMPATH\BaseModel.php(839): CodeIgniter\Model->doInsert([...])
 6 SYSTEMPATH\Model.php(800): CodeIgniter\BaseModel->insert([...], true)
 7 APPPATH\Controllers\Vendor.php(58): CodeIgniter\Model->insert([...])
 8 SYSTEMPATH\CodeIgniter.php(933): App\Controllers\Vendor->save_order()
 9 SYSTEMPATH\CodeIgniter.php(509): CodeIgniter\CodeIgniter->runController(Object(App\Controllers\Vendor))
10 SYSTEMPATH\CodeIgniter.php(355): CodeIgniter\CodeIgniter->handleRequest(null, Object(Config\Cache), false)
11 SYSTEMPATH\Boot.php(334): CodeIgniter\CodeIgniter->run()
12 SYSTEMPATH\Boot.php(67): CodeIgniter\Boot::runCodeIgniter(Object(CodeIgniter\CodeIgniter))
13 FCPATH\index.php(56): CodeIgniter\Boot::bootWeb(Object(Config\Paths))
CRITICAL - 2025-01-04 06:04:10 --> [Caused by] mysqli_sql_exception: Column 'count' cannot be null
in SYSTEMPATH\Database\MySQLi\Connection.php on line 312.
 1 SYSTEMPATH\Database\MySQLi\Connection.php(312): mysqli->query('INSERT INTO `orders` (`start_date`, `end_date`, `venue`, `staff_time`, `shift`, `staff`, `count`) VALUES (\'2025-01-04\', \'2025-01-04\', \'Pune\', \'00:00\', \'morning\', \'null\', NULL)', 0)
 2 SYSTEMPATH\Database\BaseConnection.php(734): CodeIgniter\Database\MySQLi\Connection->execute('INSERT INTO `orders` (`start_date`, `end_date`, `venue`, `staff_time`, `shift`, `staff`, `count`) VALUES (\'2025-01-04\', \'2025-01-04\', \'Pune\', \'00:00\', \'morning\', \'null\', NULL)')
 3 SYSTEMPATH\Database\BaseConnection.php(648): CodeIgniter\Database\BaseConnection->simpleQuery('INSERT INTO `orders` (`start_date`, `end_date`, `venue`, `staff_time`, `shift`, `staff`, `count`) VALUES (\'2025-01-04\', \'2025-01-04\', \'Pune\', \'00:00\', \'morning\', \'null\', NULL)')
 4 SYSTEMPATH\Database\BaseBuilder.php(2340): CodeIgniter\Database\BaseConnection->query('INSERT INTO `orders` (`start_date`, `end_date`, `venue`, `staff_time`, `shift`, `staff`, `count`) VALUES (:start_date:, :end_date:, :venue:, :staff_time:, :shift:, :staff:, :count:)', [...], false)
 5 SYSTEMPATH\Model.php(394): CodeIgniter\Database\BaseBuilder->insert()
 6 SYSTEMPATH\BaseModel.php(839): CodeIgniter\Model->doInsert([...])
 7 SYSTEMPATH\Model.php(800): CodeIgniter\BaseModel->insert([...], true)
 8 APPPATH\Controllers\Vendor.php(58): CodeIgniter\Model->insert([...])
 9 SYSTEMPATH\CodeIgniter.php(933): App\Controllers\Vendor->save_order()
10 SYSTEMPATH\CodeIgniter.php(509): CodeIgniter\CodeIgniter->runController(Object(App\Controllers\Vendor))
11 SYSTEMPATH\CodeIgniter.php(355): CodeIgniter\CodeIgniter->handleRequest(null, Object(Config\Cache), false)
12 SYSTEMPATH\Boot.php(334): CodeIgniter\CodeIgniter->run()
13 SYSTEMPATH\Boot.php(67): CodeIgniter\Boot::runCodeIgniter(Object(CodeIgniter\CodeIgniter))
14 FCPATH\index.php(56): CodeIgniter\Boot::bootWeb(Object(Config\Paths))
ERROR - 2025-01-04 06:07:42 --> mysqli_sql_exception: Column 'count' cannot be null in C:\xampp\htdocs\caters\system\Database\MySQLi\Connection.php:312
Stack trace:
#0 C:\xampp\htdocs\caters\system\Database\MySQLi\Connection.php(312): mysqli->query('INSERT INTO `or...', 0)
#1 C:\xampp\htdocs\caters\system\Database\BaseConnection.php(734): CodeIgniter\Database\MySQLi\Connection->execute('INSERT INTO `or...')
#2 C:\xampp\htdocs\caters\system\Database\BaseConnection.php(648): CodeIgniter\Database\BaseConnection->simpleQuery('INSERT INTO `or...')
#3 C:\xampp\htdocs\caters\system\Database\BaseBuilder.php(2340): CodeIgniter\Database\BaseConnection->query('INSERT INTO `or...', Array, false)
#4 C:\xampp\htdocs\caters\system\Model.php(394): CodeIgniter\Database\BaseBuilder->insert()
#5 C:\xampp\htdocs\caters\system\BaseModel.php(839): CodeIgniter\Model->doInsert(Array)
#6 C:\xampp\htdocs\caters\system\Model.php(800): CodeIgniter\BaseModel->insert(Array, true)
#7 C:\xampp\htdocs\caters\app\Controllers\Vendor.php(56): CodeIgniter\Model->insert(Array)
#8 C:\xampp\htdocs\caters\system\CodeIgniter.php(933): App\Controllers\Vendor->save_order()
#9 C:\xampp\htdocs\caters\system\CodeIgniter.php(509): CodeIgniter\CodeIgniter->runController(Object(App\Controllers\Vendor))
#10 C:\xampp\htdocs\caters\system\CodeIgniter.php(355): CodeIgniter\CodeIgniter->handleRequest(NULL, Object(Config\Cache), false)
#11 C:\xampp\htdocs\caters\system\Boot.php(334): CodeIgniter\CodeIgniter->run()
#12 C:\xampp\htdocs\caters\system\Boot.php(67): CodeIgniter\Boot::runCodeIgniter(Object(CodeIgniter\CodeIgniter))
#13 C:\xampp\htdocs\caters\index.php(56): CodeIgniter\Boot::bootWeb(Object(Config\Paths))
#14 {main}
CRITICAL - 2025-01-04 06:07:42 --> CodeIgniter\Database\Exceptions\DatabaseException: Column 'count' cannot be null
[Method: POST, Route: save_order]
in SYSTEMPATH\Database\BaseConnection.php on line 688.
 1 SYSTEMPATH\Database\BaseBuilder.php(2340): CodeIgniter\Database\BaseConnection->query('INSERT INTO `orders` (`start_date`, `end_date`, `venue`, `staff_time`, `staff`, `count`) VALUES (:start_date:, :end_date:, :venue:, :staff_time:, :staff:, :count:)', [...], false)
 2 SYSTEMPATH\Model.php(394): CodeIgniter\Database\BaseBuilder->insert()
 3 SYSTEMPATH\BaseModel.php(839): CodeIgniter\Model->doInsert([...])
 4 SYSTEMPATH\Model.php(800): CodeIgniter\BaseModel->insert([...], true)
 5 APPPATH\Controllers\Vendor.php(56): CodeIgniter\Model->insert([...])
 6 SYSTEMPATH\CodeIgniter.php(933): App\Controllers\Vendor->save_order()
 7 SYSTEMPATH\CodeIgniter.php(509): CodeIgniter\CodeIgniter->runController(Object(App\Controllers\Vendor))
 8 SYSTEMPATH\CodeIgniter.php(355): CodeIgniter\CodeIgniter->handleRequest(null, Object(Config\Cache), false)
 9 SYSTEMPATH\Boot.php(334): CodeIgniter\CodeIgniter->run()
10 SYSTEMPATH\Boot.php(67): CodeIgniter\Boot::runCodeIgniter(Object(CodeIgniter\CodeIgniter))
11 FCPATH\index.php(56): CodeIgniter\Boot::bootWeb(Object(Config\Paths))
CRITICAL - 2025-01-04 06:07:42 --> [Caused by] CodeIgniter\Database\Exceptions\DatabaseException: Column 'count' cannot be null
in SYSTEMPATH\Database\MySQLi\Connection.php on line 317.
 1 SYSTEMPATH\Database\BaseConnection.php(734): CodeIgniter\Database\MySQLi\Connection->execute('INSERT INTO `orders` (`start_date`, `end_date`, `venue`, `staff_time`, `staff`, `count`) VALUES (\'2025-01-04\', \'2025-01-04\', \'Pune\', \'00:00\', \'null\', NULL)')
 2 SYSTEMPATH\Database\BaseConnection.php(648): CodeIgniter\Database\BaseConnection->simpleQuery('INSERT INTO `orders` (`start_date`, `end_date`, `venue`, `staff_time`, `staff`, `count`) VALUES (\'2025-01-04\', \'2025-01-04\', \'Pune\', \'00:00\', \'null\', NULL)')
 3 SYSTEMPATH\Database\BaseBuilder.php(2340): CodeIgniter\Database\BaseConnection->query('INSERT INTO `orders` (`start_date`, `end_date`, `venue`, `staff_time`, `staff`, `count`) VALUES (:start_date:, :end_date:, :venue:, :staff_time:, :staff:, :count:)', [...], false)
 4 SYSTEMPATH\Model.php(394): CodeIgniter\Database\BaseBuilder->insert()
 5 SYSTEMPATH\BaseModel.php(839): CodeIgniter\Model->doInsert([...])
 6 SYSTEMPATH\Model.php(800): CodeIgniter\BaseModel->insert([...], true)
 7 APPPATH\Controllers\Vendor.php(56): CodeIgniter\Model->insert([...])
 8 SYSTEMPATH\CodeIgniter.php(933): App\Controllers\Vendor->save_order()
 9 SYSTEMPATH\CodeIgniter.php(509): CodeIgniter\CodeIgniter->runController(Object(App\Controllers\Vendor))
10 SYSTEMPATH\CodeIgniter.php(355): CodeIgniter\CodeIgniter->handleRequest(null, Object(Config\Cache), false)
11 SYSTEMPATH\Boot.php(334): CodeIgniter\CodeIgniter->run()
12 SYSTEMPATH\Boot.php(67): CodeIgniter\Boot::runCodeIgniter(Object(CodeIgniter\CodeIgniter))
13 FCPATH\index.php(56): CodeIgniter\Boot::bootWeb(Object(Config\Paths))
CRITICAL - 2025-01-04 06:07:42 --> [Caused by] mysqli_sql_exception: Column 'count' cannot be null
in SYSTEMPATH\Database\MySQLi\Connection.php on line 312.
 1 SYSTEMPATH\Database\MySQLi\Connection.php(312): mysqli->query('INSERT INTO `orders` (`start_date`, `end_date`, `venue`, `staff_time`, `staff`, `count`) VALUES (\'2025-01-04\', \'2025-01-04\', \'Pune\', \'00:00\', \'null\', NULL)', 0)
 2 SYSTEMPATH\Database\BaseConnection.php(734): CodeIgniter\Database\MySQLi\Connection->execute('INSERT INTO `orders` (`start_date`, `end_date`, `venue`, `staff_time`, `staff`, `count`) VALUES (\'2025-01-04\', \'2025-01-04\', \'Pune\', \'00:00\', \'null\', NULL)')
 3 SYSTEMPATH\Database\BaseConnection.php(648): CodeIgniter\Database\BaseConnection->simpleQuery('INSERT INTO `orders` (`start_date`, `end_date`, `venue`, `staff_time`, `staff`, `count`) VALUES (\'2025-01-04\', \'2025-01-04\', \'Pune\', \'00:00\', \'null\', NULL)')
 4 SYSTEMPATH\Database\BaseBuilder.php(2340): CodeIgniter\Database\BaseConnection->query('INSERT INTO `orders` (`start_date`, `end_date`, `venue`, `staff_time`, `staff`, `count`) VALUES (:start_date:, :end_date:, :venue:, :staff_time:, :staff:, :count:)', [...], false)
 5 SYSTEMPATH\Model.php(394): CodeIgniter\Database\BaseBuilder->insert()
 6 SYSTEMPATH\BaseModel.php(839): CodeIgniter\Model->doInsert([...])
 7 SYSTEMPATH\Model.php(800): CodeIgniter\BaseModel->insert([...], true)
 8 APPPATH\Controllers\Vendor.php(56): CodeIgniter\Model->insert([...])
 9 SYSTEMPATH\CodeIgniter.php(933): App\Controllers\Vendor->save_order()
10 SYSTEMPATH\CodeIgniter.php(509): CodeIgniter\CodeIgniter->runController(Object(App\Controllers\Vendor))
11 SYSTEMPATH\CodeIgniter.php(355): CodeIgniter\CodeIgniter->handleRequest(null, Object(Config\Cache), false)
12 SYSTEMPATH\Boot.php(334): CodeIgniter\CodeIgniter->run()
13 SYSTEMPATH\Boot.php(67): CodeIgniter\Boot::runCodeIgniter(Object(CodeIgniter\CodeIgniter))
14 FCPATH\index.php(56): CodeIgniter\Boot::bootWeb(Object(Config\Paths))
ERROR - 2025-01-04 06:07:47 --> mysqli_sql_exception: Column 'count' cannot be null in C:\xampp\htdocs\caters\system\Database\MySQLi\Connection.php:312
Stack trace:
#0 C:\xampp\htdocs\caters\system\Database\MySQLi\Connection.php(312): mysqli->query('INSERT INTO `or...', 0)
#1 C:\xampp\htdocs\caters\system\Database\BaseConnection.php(734): CodeIgniter\Database\MySQLi\Connection->execute('INSERT INTO `or...')
#2 C:\xampp\htdocs\caters\system\Database\BaseConnection.php(648): CodeIgniter\Database\BaseConnection->simpleQuery('INSERT INTO `or...')
#3 C:\xampp\htdocs\caters\system\Database\BaseBuilder.php(2340): CodeIgniter\Database\BaseConnection->query('INSERT INTO `or...', Array, false)
#4 C:\xampp\htdocs\caters\system\Model.php(394): CodeIgniter\Database\BaseBuilder->insert()
#5 C:\xampp\htdocs\caters\system\BaseModel.php(839): CodeIgniter\Model->doInsert(Array)
#6 C:\xampp\htdocs\caters\system\Model.php(800): CodeIgniter\BaseModel->insert(Array, true)
#7 C:\xampp\htdocs\caters\app\Controllers\Vendor.php(56): CodeIgniter\Model->insert(Array)
#8 C:\xampp\htdocs\caters\system\CodeIgniter.php(933): App\Controllers\Vendor->save_order()
#9 C:\xampp\htdocs\caters\system\CodeIgniter.php(509): CodeIgniter\CodeIgniter->runController(Object(App\Controllers\Vendor))
#10 C:\xampp\htdocs\caters\system\CodeIgniter.php(355): CodeIgniter\CodeIgniter->handleRequest(NULL, Object(Config\Cache), false)
#11 C:\xampp\htdocs\caters\system\Boot.php(334): CodeIgniter\CodeIgniter->run()
#12 C:\xampp\htdocs\caters\system\Boot.php(67): CodeIgniter\Boot::runCodeIgniter(Object(CodeIgniter\CodeIgniter))
#13 C:\xampp\htdocs\caters\index.php(56): CodeIgniter\Boot::bootWeb(Object(Config\Paths))
#14 {main}
CRITICAL - 2025-01-04 06:07:47 --> CodeIgniter\Database\Exceptions\DatabaseException: Column 'count' cannot be null
[Method: POST, Route: save_order]
in SYSTEMPATH\Database\BaseConnection.php on line 688.
 1 SYSTEMPATH\Database\BaseBuilder.php(2340): CodeIgniter\Database\BaseConnection->query('INSERT INTO `orders` (`start_date`, `end_date`, `venue`, `staff_time`, `staff`, `count`) VALUES (:start_date:, :end_date:, :venue:, :staff_time:, :staff:, :count:)', [...], false)
 2 SYSTEMPATH\Model.php(394): CodeIgniter\Database\BaseBuilder->insert()
 3 SYSTEMPATH\BaseModel.php(839): CodeIgniter\Model->doInsert([...])
 4 SYSTEMPATH\Model.php(800): CodeIgniter\BaseModel->insert([...], true)
 5 APPPATH\Controllers\Vendor.php(56): CodeIgniter\Model->insert([...])
 6 SYSTEMPATH\CodeIgniter.php(933): App\Controllers\Vendor->save_order()
 7 SYSTEMPATH\CodeIgniter.php(509): CodeIgniter\CodeIgniter->runController(Object(App\Controllers\Vendor))
 8 SYSTEMPATH\CodeIgniter.php(355): CodeIgniter\CodeIgniter->handleRequest(null, Object(Config\Cache), false)
 9 SYSTEMPATH\Boot.php(334): CodeIgniter\CodeIgniter->run()
10 SYSTEMPATH\Boot.php(67): CodeIgniter\Boot::runCodeIgniter(Object(CodeIgniter\CodeIgniter))
11 FCPATH\index.php(56): CodeIgniter\Boot::bootWeb(Object(Config\Paths))
CRITICAL - 2025-01-04 06:07:47 --> [Caused by] CodeIgniter\Database\Exceptions\DatabaseException: Column 'count' cannot be null
in SYSTEMPATH\Database\MySQLi\Connection.php on line 317.
 1 SYSTEMPATH\Database\BaseConnection.php(734): CodeIgniter\Database\MySQLi\Connection->execute('INSERT INTO `orders` (`start_date`, `end_date`, `venue`, `staff_time`, `staff`, `count`) VALUES (\'2025-01-04\', \'2025-01-04\', \'Pune\', \'00:00\', \'null\', NULL)')
 2 SYSTEMPATH\Database\BaseConnection.php(648): CodeIgniter\Database\BaseConnection->simpleQuery('INSERT INTO `orders` (`start_date`, `end_date`, `venue`, `staff_time`, `staff`, `count`) VALUES (\'2025-01-04\', \'2025-01-04\', \'Pune\', \'00:00\', \'null\', NULL)')
 3 SYSTEMPATH\Database\BaseBuilder.php(2340): CodeIgniter\Database\BaseConnection->query('INSERT INTO `orders` (`start_date`, `end_date`, `venue`, `staff_time`, `staff`, `count`) VALUES (:start_date:, :end_date:, :venue:, :staff_time:, :staff:, :count:)', [...], false)
 4 SYSTEMPATH\Model.php(394): CodeIgniter\Database\BaseBuilder->insert()
 5 SYSTEMPATH\BaseModel.php(839): CodeIgniter\Model->doInsert([...])
 6 SYSTEMPATH\Model.php(800): CodeIgniter\BaseModel->insert([...], true)
 7 APPPATH\Controllers\Vendor.php(56): CodeIgniter\Model->insert([...])
 8 SYSTEMPATH\CodeIgniter.php(933): App\Controllers\Vendor->save_order()
 9 SYSTEMPATH\CodeIgniter.php(509): CodeIgniter\CodeIgniter->runController(Object(App\Controllers\Vendor))
10 SYSTEMPATH\CodeIgniter.php(355): CodeIgniter\CodeIgniter->handleRequest(null, Object(Config\Cache), false)
11 SYSTEMPATH\Boot.php(334): CodeIgniter\CodeIgniter->run()
12 SYSTEMPATH\Boot.php(67): CodeIgniter\Boot::runCodeIgniter(Object(CodeIgniter\CodeIgniter))
13 FCPATH\index.php(56): CodeIgniter\Boot::bootWeb(Object(Config\Paths))
CRITICAL - 2025-01-04 06:07:47 --> [Caused by] mysqli_sql_exception: Column 'count' cannot be null
in SYSTEMPATH\Database\MySQLi\Connection.php on line 312.
 1 SYSTEMPATH\Database\MySQLi\Connection.php(312): mysqli->query('INSERT INTO `orders` (`start_date`, `end_date`, `venue`, `staff_time`, `staff`, `count`) VALUES (\'2025-01-04\', \'2025-01-04\', \'Pune\', \'00:00\', \'null\', NULL)', 0)
 2 SYSTEMPATH\Database\BaseConnection.php(734): CodeIgniter\Database\MySQLi\Connection->execute('INSERT INTO `orders` (`start_date`, `end_date`, `venue`, `staff_time`, `staff`, `count`) VALUES (\'2025-01-04\', \'2025-01-04\', \'Pune\', \'00:00\', \'null\', NULL)')
 3 SYSTEMPATH\Database\BaseConnection.php(648): CodeIgniter\Database\BaseConnection->simpleQuery('INSERT INTO `orders` (`start_date`, `end_date`, `venue`, `staff_time`, `staff`, `count`) VALUES (\'2025-01-04\', \'2025-01-04\', \'Pune\', \'00:00\', \'null\', NULL)')
 4 SYSTEMPATH\Database\BaseBuilder.php(2340): CodeIgniter\Database\BaseConnection->query('INSERT INTO `orders` (`start_date`, `end_date`, `venue`, `staff_time`, `staff`, `count`) VALUES (:start_date:, :end_date:, :venue:, :staff_time:, :staff:, :count:)', [...], false)
 5 SYSTEMPATH\Model.php(394): CodeIgniter\Database\BaseBuilder->insert()
 6 SYSTEMPATH\BaseModel.php(839): CodeIgniter\Model->doInsert([...])
 7 SYSTEMPATH\Model.php(800): CodeIgniter\BaseModel->insert([...], true)
 8 APPPATH\Controllers\Vendor.php(56): CodeIgniter\Model->insert([...])
 9 SYSTEMPATH\CodeIgniter.php(933): App\Controllers\Vendor->save_order()
10 SYSTEMPATH\CodeIgniter.php(509): CodeIgniter\CodeIgniter->runController(Object(App\Controllers\Vendor))
11 SYSTEMPATH\CodeIgniter.php(355): CodeIgniter\CodeIgniter->handleRequest(null, Object(Config\Cache), false)
12 SYSTEMPATH\Boot.php(334): CodeIgniter\CodeIgniter->run()
13 SYSTEMPATH\Boot.php(67): CodeIgniter\Boot::runCodeIgniter(Object(CodeIgniter\CodeIgniter))
14 FCPATH\index.php(56): CodeIgniter\Boot::bootWeb(Object(Config\Paths))
ERROR - 2025-01-04 06:10:26 --> mysqli_sql_exception: Column 'count' cannot be null in C:\xampp\htdocs\caters\system\Database\MySQLi\Connection.php:312
Stack trace:
#0 C:\xampp\htdocs\caters\system\Database\MySQLi\Connection.php(312): mysqli->query('INSERT INTO `or...', 0)
#1 C:\xampp\htdocs\caters\system\Database\BaseConnection.php(734): CodeIgniter\Database\MySQLi\Connection->execute('INSERT INTO `or...')
#2 C:\xampp\htdocs\caters\system\Database\BaseConnection.php(648): CodeIgniter\Database\BaseConnection->simpleQuery('INSERT INTO `or...')
#3 C:\xampp\htdocs\caters\system\Database\BaseBuilder.php(2340): CodeIgniter\Database\BaseConnection->query('INSERT INTO `or...', Array, false)
#4 C:\xampp\htdocs\caters\system\Model.php(394): CodeIgniter\Database\BaseBuilder->insert()
#5 C:\xampp\htdocs\caters\system\BaseModel.php(839): CodeIgniter\Model->doInsert(Array)
#6 C:\xampp\htdocs\caters\system\Model.php(800): CodeIgniter\BaseModel->insert(Array, true)
#7 C:\xampp\htdocs\caters\app\Controllers\Vendor.php(57): CodeIgniter\Model->insert(Array)
#8 C:\xampp\htdocs\caters\system\CodeIgniter.php(933): App\Controllers\Vendor->save_order()
#9 C:\xampp\htdocs\caters\system\CodeIgniter.php(509): CodeIgniter\CodeIgniter->runController(Object(App\Controllers\Vendor))
#10 C:\xampp\htdocs\caters\system\CodeIgniter.php(355): CodeIgniter\CodeIgniter->handleRequest(NULL, Object(Config\Cache), false)
#11 C:\xampp\htdocs\caters\system\Boot.php(334): CodeIgniter\CodeIgniter->run()
#12 C:\xampp\htdocs\caters\system\Boot.php(67): CodeIgniter\Boot::runCodeIgniter(Object(CodeIgniter\CodeIgniter))
#13 C:\xampp\htdocs\caters\index.php(56): CodeIgniter\Boot::bootWeb(Object(Config\Paths))
#14 {main}
CRITICAL - 2025-01-04 06:10:26 --> CodeIgniter\Database\Exceptions\DatabaseException: Column 'count' cannot be null
[Method: POST, Route: save_order]
in SYSTEMPATH\Database\BaseConnection.php on line 688.
 1 SYSTEMPATH\Database\BaseBuilder.php(2340): CodeIgniter\Database\BaseConnection->query('INSERT INTO `orders` (`start_date`, `end_date`, `venue`, `staff_time`, `staff`, `count`) VALUES (:start_date:, :end_date:, :venue:, :staff_time:, :staff:, :count:)', [...], false)
 2 SYSTEMPATH\Model.php(394): CodeIgniter\Database\BaseBuilder->insert()
 3 SYSTEMPATH\BaseModel.php(839): CodeIgniter\Model->doInsert([...])
 4 SYSTEMPATH\Model.php(800): CodeIgniter\BaseModel->insert([...], true)
 5 APPPATH\Controllers\Vendor.php(57): CodeIgniter\Model->insert([...])
 6 SYSTEMPATH\CodeIgniter.php(933): App\Controllers\Vendor->save_order()
 7 SYSTEMPATH\CodeIgniter.php(509): CodeIgniter\CodeIgniter->runController(Object(App\Controllers\Vendor))
 8 SYSTEMPATH\CodeIgniter.php(355): CodeIgniter\CodeIgniter->handleRequest(null, Object(Config\Cache), false)
 9 SYSTEMPATH\Boot.php(334): CodeIgniter\CodeIgniter->run()
10 SYSTEMPATH\Boot.php(67): CodeIgniter\Boot::runCodeIgniter(Object(CodeIgniter\CodeIgniter))
11 FCPATH\index.php(56): CodeIgniter\Boot::bootWeb(Object(Config\Paths))
CRITICAL - 2025-01-04 06:10:26 --> [Caused by] CodeIgniter\Database\Exceptions\DatabaseException: Column 'count' cannot be null
in SYSTEMPATH\Database\MySQLi\Connection.php on line 317.
 1 SYSTEMPATH\Database\BaseConnection.php(734): CodeIgniter\Database\MySQLi\Connection->execute('INSERT INTO `orders` (`start_date`, `end_date`, `venue`, `staff_time`, `staff`, `count`) VALUES (\'2025-01-04\', \'2025-01-04\', \'Pune\', \'00:00\', \'null\', NULL)')
 2 SYSTEMPATH\Database\BaseConnection.php(648): CodeIgniter\Database\BaseConnection->simpleQuery('INSERT INTO `orders` (`start_date`, `end_date`, `venue`, `staff_time`, `staff`, `count`) VALUES (\'2025-01-04\', \'2025-01-04\', \'Pune\', \'00:00\', \'null\', NULL)')
 3 SYSTEMPATH\Database\BaseBuilder.php(2340): CodeIgniter\Database\BaseConnection->query('INSERT INTO `orders` (`start_date`, `end_date`, `venue`, `staff_time`, `staff`, `count`) VALUES (:start_date:, :end_date:, :venue:, :staff_time:, :staff:, :count:)', [...], false)
 4 SYSTEMPATH\Model.php(394): CodeIgniter\Database\BaseBuilder->insert()
 5 SYSTEMPATH\BaseModel.php(839): CodeIgniter\Model->doInsert([...])
 6 SYSTEMPATH\Model.php(800): CodeIgniter\BaseModel->insert([...], true)
 7 APPPATH\Controllers\Vendor.php(57): CodeIgniter\Model->insert([...])
 8 SYSTEMPATH\CodeIgniter.php(933): App\Controllers\Vendor->save_order()
 9 SYSTEMPATH\CodeIgniter.php(509): CodeIgniter\CodeIgniter->runController(Object(App\Controllers\Vendor))
10 SYSTEMPATH\CodeIgniter.php(355): CodeIgniter\CodeIgniter->handleRequest(null, Object(Config\Cache), false)
11 SYSTEMPATH\Boot.php(334): CodeIgniter\CodeIgniter->run()
12 SYSTEMPATH\Boot.php(67): CodeIgniter\Boot::runCodeIgniter(Object(CodeIgniter\CodeIgniter))
13 FCPATH\index.php(56): CodeIgniter\Boot::bootWeb(Object(Config\Paths))
CRITICAL - 2025-01-04 06:10:26 --> [Caused by] mysqli_sql_exception: Column 'count' cannot be null
in SYSTEMPATH\Database\MySQLi\Connection.php on line 312.
 1 SYSTEMPATH\Database\MySQLi\Connection.php(312): mysqli->query('INSERT INTO `orders` (`start_date`, `end_date`, `venue`, `staff_time`, `staff`, `count`) VALUES (\'2025-01-04\', \'2025-01-04\', \'Pune\', \'00:00\', \'null\', NULL)', 0)
 2 SYSTEMPATH\Database\BaseConnection.php(734): CodeIgniter\Database\MySQLi\Connection->execute('INSERT INTO `orders` (`start_date`, `end_date`, `venue`, `staff_time`, `staff`, `count`) VALUES (\'2025-01-04\', \'2025-01-04\', \'Pune\', \'00:00\', \'null\', NULL)')
 3 SYSTEMPATH\Database\BaseConnection.php(648): CodeIgniter\Database\BaseConnection->simpleQuery('INSERT INTO `orders` (`start_date`, `end_date`, `venue`, `staff_time`, `staff`, `count`) VALUES (\'2025-01-04\', \'2025-01-04\', \'Pune\', \'00:00\', \'null\', NULL)')
 4 SYSTEMPATH\Database\BaseBuilder.php(2340): CodeIgniter\Database\BaseConnection->query('INSERT INTO `orders` (`start_date`, `end_date`, `venue`, `staff_time`, `staff`, `count`) VALUES (:start_date:, :end_date:, :venue:, :staff_time:, :staff:, :count:)', [...], false)
 5 SYSTEMPATH\Model.php(394): CodeIgniter\Database\BaseBuilder->insert()
 6 SYSTEMPATH\BaseModel.php(839): CodeIgniter\Model->doInsert([...])
 7 SYSTEMPATH\Model.php(800): CodeIgniter\BaseModel->insert([...], true)
 8 APPPATH\Controllers\Vendor.php(57): CodeIgniter\Model->insert([...])
 9 SYSTEMPATH\CodeIgniter.php(933): App\Controllers\Vendor->save_order()
10 SYSTEMPATH\CodeIgniter.php(509): CodeIgniter\CodeIgniter->runController(Object(App\Controllers\Vendor))
11 SYSTEMPATH\CodeIgniter.php(355): CodeIgniter\CodeIgniter->handleRequest(null, Object(Config\Cache), false)
12 SYSTEMPATH\Boot.php(334): CodeIgniter\CodeIgniter->run()
13 SYSTEMPATH\Boot.php(67): CodeIgniter\Boot::runCodeIgniter(Object(CodeIgniter\CodeIgniter))
14 FCPATH\index.php(56): CodeIgniter\Boot::bootWeb(Object(Config\Paths))
CRITICAL - 2025-01-04 06:22:50 --> TypeError: array_reduce(): Argument #1 ($array) must be of type array, null given
[Method: POST, Route: save_order]
in APPPATH\Controllers\Vendor.php on line 44.
 1 APPPATH\Controllers\Vendor.php(44): array_reduce(null, Object(Closure), 0)
 2 SYSTEMPATH\CodeIgniter.php(933): App\Controllers\Vendor->save_order()
 3 SYSTEMPATH\CodeIgniter.php(509): CodeIgniter\CodeIgniter->runController(Object(App\Controllers\Vendor))
 4 SYSTEMPATH\CodeIgniter.php(355): CodeIgniter\CodeIgniter->handleRequest(null, Object(Config\Cache), false)
 5 SYSTEMPATH\Boot.php(334): CodeIgniter\CodeIgniter->run()
 6 SYSTEMPATH\Boot.php(67): CodeIgniter\Boot::runCodeIgniter(Object(CodeIgniter\CodeIgniter))
 7 FCPATH\index.php(56): CodeIgniter\Boot::bootWeb(Object(Config\Paths))
CRITICAL - 2025-01-04 06:23:39 --> ErrorException: Array to string conversion
[Method: GET, Route: list_order]
in APPPATH\Views\vendor\list_order.php on line 57.
 1 [internal function]: CodeIgniter\Debug\Exceptions->errorHandler(2, 'Array to string conversion', 'C:\\xampp\\htdocs\\caters\\app\\Views\\vendor\\list_order.php', 57)
 2 APPPATH\Views\vendor\list_order.php(57): implode(', ', [...])
 3 SYSTEMPATH\View\View.php(234): include('C:\\xampp\\htdocs\\caters\\app\\Views\\vendor\\list_order.php')
 4 SYSTEMPATH\View\View.php(237): CodeIgniter\View\View->CodeIgniter\View\{closure}()
 5 SYSTEMPATH\Common.php(1171): CodeIgniter\View\View->render('vendor/list_order', [], true)
 6 APPPATH\Controllers\Vendor.php(26): view('vendor/list_order', [...])
 7 SYSTEMPATH\CodeIgniter.php(933): App\Controllers\Vendor->list_order()
 8 SYSTEMPATH\CodeIgniter.php(509): CodeIgniter\CodeIgniter->runController(Object(App\Controllers\Vendor))
 9 SYSTEMPATH\CodeIgniter.php(355): CodeIgniter\CodeIgniter->handleRequest(null, Object(Config\Cache), false)
10 SYSTEMPATH\Boot.php(334): CodeIgniter\CodeIgniter->run()
11 SYSTEMPATH\Boot.php(67): CodeIgniter\Boot::runCodeIgniter(Object(CodeIgniter\CodeIgniter))
12 FCPATH\index.php(56): CodeIgniter\Boot::bootWeb(Object(Config\Paths))
CRITICAL - 2025-01-04 06:24:01 --> ErrorException: Array to string conversion
[Method: GET, Route: list_order]
in APPPATH\Views\vendor\list_order.php on line 57.
 1 [internal function]: CodeIgniter\Debug\Exceptions->errorHandler(2, 'Array to string conversion', 'C:\\xampp\\htdocs\\caters\\app\\Views\\vendor\\list_order.php', 57)
 2 APPPATH\Views\vendor\list_order.php(57): implode(', ', [...])
 3 SYSTEMPATH\View\View.php(234): include('C:\\xampp\\htdocs\\caters\\app\\Views\\vendor\\list_order.php')
 4 SYSTEMPATH\View\View.php(237): CodeIgniter\View\View->CodeIgniter\View\{closure}()
 5 SYSTEMPATH\Common.php(1171): CodeIgniter\View\View->render('vendor/list_order', [], true)
 6 APPPATH\Controllers\Vendor.php(26): view('vendor/list_order', [...])
 7 SYSTEMPATH\CodeIgniter.php(933): App\Controllers\Vendor->list_order()
 8 SYSTEMPATH\CodeIgniter.php(509): CodeIgniter\CodeIgniter->runController(Object(App\Controllers\Vendor))
 9 SYSTEMPATH\CodeIgniter.php(355): CodeIgniter\CodeIgniter->handleRequest(null, Object(Config\Cache), false)
10 SYSTEMPATH\Boot.php(334): CodeIgniter\CodeIgniter->run()
11 SYSTEMPATH\Boot.php(67): CodeIgniter\Boot::runCodeIgniter(Object(CodeIgniter\CodeIgniter))
12 FCPATH\index.php(56): CodeIgniter\Boot::bootWeb(Object(Config\Paths))
CRITICAL - 2025-01-04 06:24:13 --> ErrorException: Array to string conversion
[Method: GET, Route: list_order]
in APPPATH\Views\vendor\list_order.php on line 57.
 1 [internal function]: CodeIgniter\Debug\Exceptions->errorHandler(2, 'Array to string conversion', 'C:\\xampp\\htdocs\\caters\\app\\Views\\vendor\\list_order.php', 57)
 2 APPPATH\Views\vendor\list_order.php(57): implode(', ', [...])
 3 SYSTEMPATH\View\View.php(234): include('C:\\xampp\\htdocs\\caters\\app\\Views\\vendor\\list_order.php')
 4 SYSTEMPATH\View\View.php(237): CodeIgniter\View\View->CodeIgniter\View\{closure}()
 5 SYSTEMPATH\Common.php(1171): CodeIgniter\View\View->render('vendor/list_order', [], true)
 6 APPPATH\Controllers\Vendor.php(26): view('vendor/list_order', [...])
 7 SYSTEMPATH\CodeIgniter.php(933): App\Controllers\Vendor->list_order()
 8 SYSTEMPATH\CodeIgniter.php(509): CodeIgniter\CodeIgniter->runController(Object(App\Controllers\Vendor))
 9 SYSTEMPATH\CodeIgniter.php(355): CodeIgniter\CodeIgniter->handleRequest(null, Object(Config\Cache), false)
10 SYSTEMPATH\Boot.php(334): CodeIgniter\CodeIgniter->run()
11 SYSTEMPATH\Boot.php(67): CodeIgniter\Boot::runCodeIgniter(Object(CodeIgniter\CodeIgniter))
12 FCPATH\index.php(56): CodeIgniter\Boot::bootWeb(Object(Config\Paths))
CRITICAL - 2025-01-04 06:24:26 --> ErrorException: Array to string conversion
[Method: GET, Route: list_order]
in APPPATH\Views\vendor\list_order.php on line 57.
 1 [internal function]: CodeIgniter\Debug\Exceptions->errorHandler(2, 'Array to string conversion', 'C:\\xampp\\htdocs\\caters\\app\\Views\\vendor\\list_order.php', 57)
 2 APPPATH\Views\vendor\list_order.php(57): implode(', ', [...])
 3 SYSTEMPATH\View\View.php(234): include('C:\\xampp\\htdocs\\caters\\app\\Views\\vendor\\list_order.php')
 4 SYSTEMPATH\View\View.php(237): CodeIgniter\View\View->CodeIgniter\View\{closure}()
 5 SYSTEMPATH\Common.php(1171): CodeIgniter\View\View->render('vendor/list_order', [], true)
 6 APPPATH\Controllers\Vendor.php(26): view('vendor/list_order', [...])
 7 SYSTEMPATH\CodeIgniter.php(933): App\Controllers\Vendor->list_order()
 8 SYSTEMPATH\CodeIgniter.php(509): CodeIgniter\CodeIgniter->runController(Object(App\Controllers\Vendor))
 9 SYSTEMPATH\CodeIgniter.php(355): CodeIgniter\CodeIgniter->handleRequest(null, Object(Config\Cache), false)
10 SYSTEMPATH\Boot.php(334): CodeIgniter\CodeIgniter->run()
11 SYSTEMPATH\Boot.php(67): CodeIgniter\Boot::runCodeIgniter(Object(CodeIgniter\CodeIgniter))
12 FCPATH\index.php(56): CodeIgniter\Boot::bootWeb(Object(Config\Paths))
CRITICAL - 2025-01-04 06:26:35 --> ErrorException: Undefined array key "shift_time"
[Method: GET, Route: list_order]
in APPPATH\Views\vendor\list_order.php on line 59.
 1 APPPATH\Views\vendor\list_order.php(59): CodeIgniter\Debug\Exceptions->errorHandler(2, 'Undefined array key "shift_time"', 'C:\\xampp\\htdocs\\caters\\app\\Views\\vendor\\list_order.php', 59)
 2 SYSTEMPATH\View\View.php(234): include('C:\\xampp\\htdocs\\caters\\app\\Views\\vendor\\list_order.php')
 3 SYSTEMPATH\View\View.php(237): CodeIgniter\View\View->CodeIgniter\View\{closure}()
 4 SYSTEMPATH\Common.php(1171): CodeIgniter\View\View->render('vendor/list_order', [], true)
 5 APPPATH\Controllers\Vendor.php(26): view('vendor/list_order', [...])
 6 SYSTEMPATH\CodeIgniter.php(933): App\Controllers\Vendor->list_order()
 7 SYSTEMPATH\CodeIgniter.php(509): CodeIgniter\CodeIgniter->runController(Object(App\Controllers\Vendor))
 8 SYSTEMPATH\CodeIgniter.php(355): CodeIgniter\CodeIgniter->handleRequest(null, Object(Config\Cache), false)
 9 SYSTEMPATH\Boot.php(334): CodeIgniter\CodeIgniter->run()
10 SYSTEMPATH\Boot.php(67): CodeIgniter\Boot::runCodeIgniter(Object(CodeIgniter\CodeIgniter))
11 FCPATH\index.php(56): CodeIgniter\Boot::bootWeb(Object(Config\Paths))
CRITICAL - 2025-01-04 07:05:49 --> ErrorException: Array to string conversion
[Method: GET, Route: list_order]
in APPPATH\Views\vendor\list_order.php on line 64.
 1 [internal function]: CodeIgniter\Debug\Exceptions->errorHandler(2, 'Array to string conversion', 'C:\\xampp\\htdocs\\caters\\app\\Views\\vendor\\list_order.php', 64)
 2 APPPATH\Views\vendor\list_order.php(64): implode(', ', [...])
 3 SYSTEMPATH\View\View.php(234): include('C:\\xampp\\htdocs\\caters\\app\\Views\\vendor\\list_order.php')
 4 SYSTEMPATH\View\View.php(237): CodeIgniter\View\View->CodeIgniter\View\{closure}()
 5 SYSTEMPATH\Common.php(1171): CodeIgniter\View\View->render('vendor/list_order', [], true)
 6 APPPATH\Controllers\Vendor.php(26): view('vendor/list_order', [...])
 7 SYSTEMPATH\CodeIgniter.php(933): App\Controllers\Vendor->list_order()
 8 SYSTEMPATH\CodeIgniter.php(509): CodeIgniter\CodeIgniter->runController(Object(App\Controllers\Vendor))
 9 SYSTEMPATH\CodeIgniter.php(355): CodeIgniter\CodeIgniter->handleRequest(null, Object(Config\Cache), false)
10 SYSTEMPATH\Boot.php(334): CodeIgniter\CodeIgniter->run()
11 SYSTEMPATH\Boot.php(67): CodeIgniter\Boot::runCodeIgniter(Object(CodeIgniter\CodeIgniter))
12 FCPATH\index.php(56): CodeIgniter\Boot::bootWeb(Object(Config\Paths))
CRITICAL - 2025-01-04 07:07:32 --> ErrorException: Array to string conversion
[Method: GET, Route: list_order]
in APPPATH\Views\vendor\list_order.php on line 64.
 1 [internal function]: CodeIgniter\Debug\Exceptions->errorHandler(2, 'Array to string conversion', 'C:\\xampp\\htdocs\\caters\\app\\Views\\vendor\\list_order.php', 64)
 2 APPPATH\Views\vendor\list_order.php(64): implode(', ', [...])
 3 SYSTEMPATH\View\View.php(234): include('C:\\xampp\\htdocs\\caters\\app\\Views\\vendor\\list_order.php')
 4 SYSTEMPATH\View\View.php(237): CodeIgniter\View\View->CodeIgniter\View\{closure}()
 5 SYSTEMPATH\Common.php(1171): CodeIgniter\View\View->render('vendor/list_order', [], true)
 6 APPPATH\Controllers\Vendor.php(26): view('vendor/list_order', [...])
 7 SYSTEMPATH\CodeIgniter.php(933): App\Controllers\Vendor->list_order()
 8 SYSTEMPATH\CodeIgniter.php(509): CodeIgniter\CodeIgniter->runController(Object(App\Controllers\Vendor))
 9 SYSTEMPATH\CodeIgniter.php(355): CodeIgniter\CodeIgniter->handleRequest(null, Object(Config\Cache), false)
10 SYSTEMPATH\Boot.php(334): CodeIgniter\CodeIgniter->run()
11 SYSTEMPATH\Boot.php(67): CodeIgniter\Boot::runCodeIgniter(Object(CodeIgniter\CodeIgniter))
12 FCPATH\index.php(56): CodeIgniter\Boot::bootWeb(Object(Config\Paths))
CRITICAL - 2025-01-04 07:08:06 --> ErrorException: Array to string conversion
[Method: GET, Route: list_order]
in APPPATH\Views\vendor\list_order.php on line 64.
 1 [internal function]: CodeIgniter\Debug\Exceptions->errorHandler(2, 'Array to string conversion', 'C:\\xampp\\htdocs\\caters\\app\\Views\\vendor\\list_order.php', 64)
 2 APPPATH\Views\vendor\list_order.php(64): implode(', ', [...])
 3 SYSTEMPATH\View\View.php(234): include('C:\\xampp\\htdocs\\caters\\app\\Views\\vendor\\list_order.php')
 4 SYSTEMPATH\View\View.php(237): CodeIgniter\View\View->CodeIgniter\View\{closure}()
 5 SYSTEMPATH\Common.php(1171): CodeIgniter\View\View->render('vendor/list_order', [], true)
 6 APPPATH\Controllers\Vendor.php(26): view('vendor/list_order', [...])
 7 SYSTEMPATH\CodeIgniter.php(933): App\Controllers\Vendor->list_order()
 8 SYSTEMPATH\CodeIgniter.php(509): CodeIgniter\CodeIgniter->runController(Object(App\Controllers\Vendor))
 9 SYSTEMPATH\CodeIgniter.php(355): CodeIgniter\CodeIgniter->handleRequest(null, Object(Config\Cache), false)
10 SYSTEMPATH\Boot.php(334): CodeIgniter\CodeIgniter->run()
11 SYSTEMPATH\Boot.php(67): CodeIgniter\Boot::runCodeIgniter(Object(CodeIgniter\CodeIgniter))
12 FCPATH\index.php(56): CodeIgniter\Boot::bootWeb(Object(Config\Paths))
CRITICAL - 2025-01-04 07:08:08 --> ErrorException: Array to string conversion
[Method: GET, Route: list_order]
in APPPATH\Views\vendor\list_order.php on line 64.
 1 [internal function]: CodeIgniter\Debug\Exceptions->errorHandler(2, 'Array to string conversion', 'C:\\xampp\\htdocs\\caters\\app\\Views\\vendor\\list_order.php', 64)
 2 APPPATH\Views\vendor\list_order.php(64): implode(', ', [...])
 3 SYSTEMPATH\View\View.php(234): include('C:\\xampp\\htdocs\\caters\\app\\Views\\vendor\\list_order.php')
 4 SYSTEMPATH\View\View.php(237): CodeIgniter\View\View->CodeIgniter\View\{closure}()
 5 SYSTEMPATH\Common.php(1171): CodeIgniter\View\View->render('vendor/list_order', [], true)
 6 APPPATH\Controllers\Vendor.php(26): view('vendor/list_order', [...])
 7 SYSTEMPATH\CodeIgniter.php(933): App\Controllers\Vendor->list_order()
 8 SYSTEMPATH\CodeIgniter.php(509): CodeIgniter\CodeIgniter->runController(Object(App\Controllers\Vendor))
 9 SYSTEMPATH\CodeIgniter.php(355): CodeIgniter\CodeIgniter->handleRequest(null, Object(Config\Cache), false)
10 SYSTEMPATH\Boot.php(334): CodeIgniter\CodeIgniter->run()
11 SYSTEMPATH\Boot.php(67): CodeIgniter\Boot::runCodeIgniter(Object(CodeIgniter\CodeIgniter))
12 FCPATH\index.php(56): CodeIgniter\Boot::bootWeb(Object(Config\Paths))
CRITICAL - 2025-01-04 07:14:37 --> ErrorException: Array to string conversion
[Method: GET, Route: list_order]
in APPPATH\Views\vendor\list_order.php on line 64.
 1 [internal function]: CodeIgniter\Debug\Exceptions->errorHandler(2, 'Array to string conversion', 'C:\\xampp\\htdocs\\caters\\app\\Views\\vendor\\list_order.php', 64)
 2 APPPATH\Views\vendor\list_order.php(64): implode(', ', [...])
 3 SYSTEMPATH\View\View.php(234): include('C:\\xampp\\htdocs\\caters\\app\\Views\\vendor\\list_order.php')
 4 SYSTEMPATH\View\View.php(237): CodeIgniter\View\View->CodeIgniter\View\{closure}()
 5 SYSTEMPATH\Common.php(1171): CodeIgniter\View\View->render('vendor/list_order', [], true)
 6 APPPATH\Controllers\Vendor.php(26): view('vendor/list_order', [...])
 7 SYSTEMPATH\CodeIgniter.php(933): App\Controllers\Vendor->list_order()
 8 SYSTEMPATH\CodeIgniter.php(509): CodeIgniter\CodeIgniter->runController(Object(App\Controllers\Vendor))
 9 SYSTEMPATH\CodeIgniter.php(355): CodeIgniter\CodeIgniter->handleRequest(null, Object(Config\Cache), false)
10 SYSTEMPATH\Boot.php(334): CodeIgniter\CodeIgniter->run()
11 SYSTEMPATH\Boot.php(67): CodeIgniter\Boot::runCodeIgniter(Object(CodeIgniter\CodeIgniter))
12 FCPATH\index.php(56): CodeIgniter\Boot::bootWeb(Object(Config\Paths))
CRITICAL - 2025-01-04 07:17:41 --> ErrorException: Array to string conversion
[Method: GET, Route: list_order]
in APPPATH\Views\vendor\list_order.php on line 64.
 1 [internal function]: CodeIgniter\Debug\Exceptions->errorHandler(2, 'Array to string conversion', 'C:\\xampp\\htdocs\\caters\\app\\Views\\vendor\\list_order.php', 64)
 2 APPPATH\Views\vendor\list_order.php(64): implode(', ', [...])
 3 SYSTEMPATH\View\View.php(234): include('C:\\xampp\\htdocs\\caters\\app\\Views\\vendor\\list_order.php')
 4 SYSTEMPATH\View\View.php(237): CodeIgniter\View\View->CodeIgniter\View\{closure}()
 5 SYSTEMPATH\Common.php(1171): CodeIgniter\View\View->render('vendor/list_order', [], true)
 6 APPPATH\Controllers\Vendor.php(26): view('vendor/list_order', [...])
 7 SYSTEMPATH\CodeIgniter.php(933): App\Controllers\Vendor->list_order()
 8 SYSTEMPATH\CodeIgniter.php(509): CodeIgniter\CodeIgniter->runController(Object(App\Controllers\Vendor))
 9 SYSTEMPATH\CodeIgniter.php(355): CodeIgniter\CodeIgniter->handleRequest(null, Object(Config\Cache), false)
10 SYSTEMPATH\Boot.php(334): CodeIgniter\CodeIgniter->run()
11 SYSTEMPATH\Boot.php(67): CodeIgniter\Boot::runCodeIgniter(Object(CodeIgniter\CodeIgniter))
12 FCPATH\index.php(56): CodeIgniter\Boot::bootWeb(Object(Config\Paths))
CRITICAL - 2025-01-04 07:25:42 --> TypeError: Cannot access offset of type string on string
[Method: GET, Route: list_order]
in APPPATH\Views\vendor\list_order.php on line 66.
 1 SYSTEMPATH\View\View.php(234): include()
 2 SYSTEMPATH\View\View.php(237): CodeIgniter\View\View->CodeIgniter\View\{closure}()
 3 SYSTEMPATH\Common.php(1171): CodeIgniter\View\View->render('vendor/list_order', [], true)
 4 APPPATH\Controllers\Vendor.php(26): view('vendor/list_order', [...])
 5 SYSTEMPATH\CodeIgniter.php(933): App\Controllers\Vendor->list_order()
 6 SYSTEMPATH\CodeIgniter.php(509): CodeIgniter\CodeIgniter->runController(Object(App\Controllers\Vendor))
 7 SYSTEMPATH\CodeIgniter.php(355): CodeIgniter\CodeIgniter->handleRequest(null, Object(Config\Cache), false)
 8 SYSTEMPATH\Boot.php(334): CodeIgniter\CodeIgniter->run()
 9 SYSTEMPATH\Boot.php(67): CodeIgniter\Boot::runCodeIgniter(Object(CodeIgniter\CodeIgniter))
10 FCPATH\index.php(56): CodeIgniter\Boot::bootWeb(Object(Config\Paths))
CRITICAL - 2025-01-04 07:31:14 --> ErrorException: Undefined array key "staff_data"
[Method: GET, Route: edit_order/7]
in APPPATH\Views\vendor\edit_order.php on line 65.
 1 APPPATH\Views\vendor\edit_order.php(65): CodeIgniter\Debug\Exceptions->errorHandler(2, 'Undefined array key "staff_data"', 'C:\\xampp\\htdocs\\caters\\app\\Views\\vendor\\edit_order.php', 65)
 2 SYSTEMPATH\View\View.php(234): include('C:\\xampp\\htdocs\\caters\\app\\Views\\vendor\\edit_order.php')
 3 SYSTEMPATH\View\View.php(237): CodeIgniter\View\View->CodeIgniter\View\{closure}()
 4 SYSTEMPATH\Common.php(1171): CodeIgniter\View\View->render('vendor/edit_order', [], true)
 5 APPPATH\Controllers\Vendor.php(83): view('vendor/edit_order', [...])
 6 SYSTEMPATH\CodeIgniter.php(933): App\Controllers\Vendor->edit_order('7')
 7 SYSTEMPATH\CodeIgniter.php(509): CodeIgniter\CodeIgniter->runController(Object(App\Controllers\Vendor))
 8 SYSTEMPATH\CodeIgniter.php(355): CodeIgniter\CodeIgniter->handleRequest(null, Object(Config\Cache), false)
 9 SYSTEMPATH\Boot.php(334): CodeIgniter\CodeIgniter->run()
10 SYSTEMPATH\Boot.php(67): CodeIgniter\Boot::runCodeIgniter(Object(CodeIgniter\CodeIgniter))
11 FCPATH\index.php(56): CodeIgniter\Boot::bootWeb(Object(Config\Paths))
CRITICAL - 2025-01-04 07:40:16 --> ErrorException: Undefined array key "staff_data"
[Method: GET, Route: edit_order/1]
in APPPATH\Views\vendor\edit_order.php on line 65.
 1 APPPATH\Views\vendor\edit_order.php(65): CodeIgniter\Debug\Exceptions->errorHandler(2, 'Undefined array key "staff_data"', 'C:\\xampp\\htdocs\\caters\\app\\Views\\vendor\\edit_order.php', 65)
 2 SYSTEMPATH\View\View.php(234): include('C:\\xampp\\htdocs\\caters\\app\\Views\\vendor\\edit_order.php')
 3 SYSTEMPATH\View\View.php(237): CodeIgniter\View\View->CodeIgniter\View\{closure}()
 4 SYSTEMPATH\Common.php(1171): CodeIgniter\View\View->render('vendor/edit_order', [], true)
 5 APPPATH\Controllers\Vendor.php(83): view('vendor/edit_order', [...])
 6 SYSTEMPATH\CodeIgniter.php(933): App\Controllers\Vendor->edit_order('1')
 7 SYSTEMPATH\CodeIgniter.php(509): CodeIgniter\CodeIgniter->runController(Object(App\Controllers\Vendor))
 8 SYSTEMPATH\CodeIgniter.php(355): CodeIgniter\CodeIgniter->handleRequest(null, Object(Config\Cache), false)
 9 SYSTEMPATH\Boot.php(334): CodeIgniter\CodeIgniter->run()
10 SYSTEMPATH\Boot.php(67): CodeIgniter\Boot::runCodeIgniter(Object(CodeIgniter\CodeIgniter))
11 FCPATH\index.php(56): CodeIgniter\Boot::bootWeb(Object(Config\Paths))
CRITICAL - 2025-01-04 07:41:52 --> ErrorException: Undefined array key "staff_data"
[Method: GET, Route: edit_order/1]
in APPPATH\Views\vendor\edit_order.php on line 33.
 1 APPPATH\Views\vendor\edit_order.php(33): CodeIgniter\Debug\Exceptions->errorHandler(2, 'Undefined array key "staff_data"', 'C:\\xampp\\htdocs\\caters\\app\\Views\\vendor\\edit_order.php', 33)
 2 SYSTEMPATH\View\View.php(234): include('C:\\xampp\\htdocs\\caters\\app\\Views\\vendor\\edit_order.php')
 3 SYSTEMPATH\View\View.php(237): CodeIgniter\View\View->CodeIgniter\View\{closure}()
 4 SYSTEMPATH\Common.php(1171): CodeIgniter\View\View->render('vendor/edit_order', [], true)
 5 APPPATH\Controllers\Vendor.php(83): view('vendor/edit_order', [...])
 6 SYSTEMPATH\CodeIgniter.php(933): App\Controllers\Vendor->edit_order('1')
 7 SYSTEMPATH\CodeIgniter.php(509): CodeIgniter\CodeIgniter->runController(Object(App\Controllers\Vendor))
 8 SYSTEMPATH\CodeIgniter.php(355): CodeIgniter\CodeIgniter->handleRequest(null, Object(Config\Cache), false)
 9 SYSTEMPATH\Boot.php(334): CodeIgniter\CodeIgniter->run()
10 SYSTEMPATH\Boot.php(67): CodeIgniter\Boot::runCodeIgniter(Object(CodeIgniter\CodeIgniter))
11 FCPATH\index.php(56): CodeIgniter\Boot::bootWeb(Object(Config\Paths))
CRITICAL - 2025-01-04 07:41:59 --> ErrorException: Undefined array key "staff_data"
[Method: GET, Route: edit_order/1]
in APPPATH\Views\vendor\edit_order.php on line 33.
 1 APPPATH\Views\vendor\edit_order.php(33): CodeIgniter\Debug\Exceptions->errorHandler(2, 'Undefined array key "staff_data"', 'C:\\xampp\\htdocs\\caters\\app\\Views\\vendor\\edit_order.php', 33)
 2 SYSTEMPATH\View\View.php(234): include('C:\\xampp\\htdocs\\caters\\app\\Views\\vendor\\edit_order.php')
 3 SYSTEMPATH\View\View.php(237): CodeIgniter\View\View->CodeIgniter\View\{closure}()
 4 SYSTEMPATH\Common.php(1171): CodeIgniter\View\View->render('vendor/edit_order', [], true)
 5 APPPATH\Controllers\Vendor.php(83): view('vendor/edit_order', [...])
 6 SYSTEMPATH\CodeIgniter.php(933): App\Controllers\Vendor->edit_order('1')
 7 SYSTEMPATH\CodeIgniter.php(509): CodeIgniter\CodeIgniter->runController(Object(App\Controllers\Vendor))
 8 SYSTEMPATH\CodeIgniter.php(355): CodeIgniter\CodeIgniter->handleRequest(null, Object(Config\Cache), false)
 9 SYSTEMPATH\Boot.php(334): CodeIgniter\CodeIgniter->run()
10 SYSTEMPATH\Boot.php(67): CodeIgniter\Boot::runCodeIgniter(Object(CodeIgniter\CodeIgniter))
11 FCPATH\index.php(56): CodeIgniter\Boot::bootWeb(Object(Config\Paths))
CRITICAL - 2025-01-04 07:42:35 --> ErrorException: Undefined array key "staff_data"
[Method: GET, Route: edit_order/1]
in APPPATH\Views\vendor\edit_order.php on line 28.
 1 APPPATH\Views\vendor\edit_order.php(28): CodeIgniter\Debug\Exceptions->errorHandler(2, 'Undefined array key "staff_data"', 'C:\\xampp\\htdocs\\caters\\app\\Views\\vendor\\edit_order.php', 28)
 2 SYSTEMPATH\View\View.php(234): include('C:\\xampp\\htdocs\\caters\\app\\Views\\vendor\\edit_order.php')
 3 SYSTEMPATH\View\View.php(237): CodeIgniter\View\View->CodeIgniter\View\{closure}()
 4 SYSTEMPATH\Common.php(1171): CodeIgniter\View\View->render('vendor/edit_order', [], true)
 5 APPPATH\Controllers\Vendor.php(83): view('vendor/edit_order', [...])
 6 SYSTEMPATH\CodeIgniter.php(933): App\Controllers\Vendor->edit_order('1')
 7 SYSTEMPATH\CodeIgniter.php(509): CodeIgniter\CodeIgniter->runController(Object(App\Controllers\Vendor))
 8 SYSTEMPATH\CodeIgniter.php(355): CodeIgniter\CodeIgniter->handleRequest(null, Object(Config\Cache), false)
 9 SYSTEMPATH\Boot.php(334): CodeIgniter\CodeIgniter->run()
10 SYSTEMPATH\Boot.php(67): CodeIgniter\Boot::runCodeIgniter(Object(CodeIgniter\CodeIgniter))
11 FCPATH\index.php(56): CodeIgniter\Boot::bootWeb(Object(Config\Paths))
CRITICAL - 2025-01-04 07:45:03 --> ErrorException: Undefined array key "staff_data"
[Method: GET, Route: edit_order/1]
in APPPATH\Views\vendor\edit_order.php on line 28.
 1 APPPATH\Views\vendor\edit_order.php(28): CodeIgniter\Debug\Exceptions->errorHandler(2, 'Undefined array key "staff_data"', 'C:\\xampp\\htdocs\\caters\\app\\Views\\vendor\\edit_order.php', 28)
 2 SYSTEMPATH\View\View.php(234): include('C:\\xampp\\htdocs\\caters\\app\\Views\\vendor\\edit_order.php')
 3 SYSTEMPATH\View\View.php(237): CodeIgniter\View\View->CodeIgniter\View\{closure}()
 4 SYSTEMPATH\Common.php(1171): CodeIgniter\View\View->render('vendor/edit_order', [], true)
 5 APPPATH\Controllers\Vendor.php(83): view('vendor/edit_order', [...])
 6 SYSTEMPATH\CodeIgniter.php(933): App\Controllers\Vendor->edit_order('1')
 7 SYSTEMPATH\CodeIgniter.php(509): CodeIgniter\CodeIgniter->runController(Object(App\Controllers\Vendor))
 8 SYSTEMPATH\CodeIgniter.php(355): CodeIgniter\CodeIgniter->handleRequest(null, Object(Config\Cache), false)
 9 SYSTEMPATH\Boot.php(334): CodeIgniter\CodeIgniter->run()
10 SYSTEMPATH\Boot.php(67): CodeIgniter\Boot::runCodeIgniter(Object(CodeIgniter\CodeIgniter))
11 FCPATH\index.php(56): CodeIgniter\Boot::bootWeb(Object(Config\Paths))
CRITICAL - 2025-01-04 07:59:04 --> ErrorException: Undefined array key "staff_data"
[Method: GET, Route: edit_order/1]
in APPPATH\Views\vendor\edit_order.php on line 81.
 1 APPPATH\Views\vendor\edit_order.php(81): CodeIgniter\Debug\Exceptions->errorHandler(2, 'Undefined array key "staff_data"', 'C:\\xampp\\htdocs\\caters\\app\\Views\\vendor\\edit_order.php', 81)
 2 SYSTEMPATH\View\View.php(234): include('C:\\xampp\\htdocs\\caters\\app\\Views\\vendor\\edit_order.php')
 3 SYSTEMPATH\View\View.php(237): CodeIgniter\View\View->CodeIgniter\View\{closure}()
 4 SYSTEMPATH\Common.php(1171): CodeIgniter\View\View->render('vendor/edit_order', [], true)
 5 APPPATH\Controllers\Vendor.php(83): view('vendor/edit_order', [...])
 6 SYSTEMPATH\CodeIgniter.php(933): App\Controllers\Vendor->edit_order('1')
 7 SYSTEMPATH\CodeIgniter.php(509): CodeIgniter\CodeIgniter->runController(Object(App\Controllers\Vendor))
 8 SYSTEMPATH\CodeIgniter.php(355): CodeIgniter\CodeIgniter->handleRequest(null, Object(Config\Cache), false)
 9 SYSTEMPATH\Boot.php(334): CodeIgniter\CodeIgniter->run()
10 SYSTEMPATH\Boot.php(67): CodeIgniter\Boot::runCodeIgniter(Object(CodeIgniter\CodeIgniter))
11 FCPATH\index.php(56): CodeIgniter\Boot::bootWeb(Object(Config\Paths))
CRITICAL - 2025-01-04 10:00:26 --> TypeError: array_reduce(): Argument #1 ($array) must be of type array, null given
[Method: POST, Route: save_order]
in APPPATH\Controllers\Vendor.php on line 48.
 1 APPPATH\Controllers\Vendor.php(48): array_reduce(null, Object(Closure), 0)
 2 SYSTEMPATH\CodeIgniter.php(933): App\Controllers\Vendor->save_order()
 3 SYSTEMPATH\CodeIgniter.php(509): CodeIgniter\CodeIgniter->runController(Object(App\Controllers\Vendor))
 4 SYSTEMPATH\CodeIgniter.php(355): CodeIgniter\CodeIgniter->handleRequest(null, Object(Config\Cache), false)
 5 SYSTEMPATH\Boot.php(334): CodeIgniter\CodeIgniter->run()
 6 SYSTEMPATH\Boot.php(67): CodeIgniter\Boot::runCodeIgniter(Object(CodeIgniter\CodeIgniter))
 7 FCPATH\index.php(56): CodeIgniter\Boot::bootWeb(Object(Config\Paths))
