CRITICAL - 2025-01-03 05:27:07 --> ErrorException: Undefined variable $supervisor
[Method: GET, Route: edit_manager/5]
in APPPATH\Views\manager\edit_manager.php on line 31.
 1 APPPATH\Views\manager\edit_manager.php(31): CodeIgniter\Debug\Exceptions->errorHandler(2, 'Undefined variable $supervisor', 'C:\\xampp\\htdocs\\caters\\app\\Views\\manager\\edit_manager.php', 31)
 2 SYSTEMPATH\View\View.php(234): include('C:\\xampp\\htdocs\\caters\\app\\Views\\manager\\edit_manager.php')
 3 SYSTEMPATH\View\View.php(237): CodeIgniter\View\View->CodeIgniter\View\{closure}()
 4 SYSTEMPATH\Common.php(1171): CodeIgniter\View\View->render('manager/edit_manager', [], true)
 5 APPPATH\Controllers\Home.php(232): view('manager/edit_manager', [...])
 6 SYSTEMPATH\CodeIgniter.php(933): App\Controllers\Home->edit_manager('5')
 7 SYSTEMPATH\CodeIgniter.php(509): CodeIgniter\CodeIgniter->runController(Object(App\Controllers\Home))
 8 SYSTEMPATH\CodeIgniter.php(355): CodeIgniter\CodeIgniter->handleRequest(null, Object(Config\Cache), false)
 9 SYSTEMPATH\Boot.php(334): CodeIgniter\CodeIgniter->run()
10 SYSTEMPATH\Boot.php(67): CodeIgniter\Boot::runCodeIgniter(Object(CodeIgniter\CodeIgniter))
11 FCPATH\index.php(56): CodeIgniter\Boot::bootWeb(Object(Config\Paths))
CRITICAL - 2025-01-03 05:28:25 --> ErrorException: Undefined variable $manager
[Method: GET, Route: edit_manager/5]
in APPPATH\Views\manager\edit_manager.php on line 16.
 1 APPPATH\Views\manager\edit_manager.php(16): CodeIgniter\Debug\Exceptions->errorHandler(2, 'Undefined variable $manager', 'C:\\xampp\\htdocs\\caters\\app\\Views\\manager\\edit_manager.php', 16)
 2 SYSTEMPATH\View\View.php(234): include('C:\\xampp\\htdocs\\caters\\app\\Views\\manager\\edit_manager.php')
 3 SYSTEMPATH\View\View.php(237): CodeIgniter\View\View->CodeIgniter\View\{closure}()
 4 SYSTEMPATH\Common.php(1171): CodeIgniter\View\View->render('manager/edit_manager', [], true)
 5 APPPATH\Controllers\Home.php(232): view('manager/edit_manager')
 6 SYSTEMPATH\CodeIgniter.php(933): App\Controllers\Home->edit_manager('5')
 7 SYSTEMPATH\CodeIgniter.php(509): CodeIgniter\CodeIgniter->runController(Object(App\Controllers\Home))
 8 SYSTEMPATH\CodeIgniter.php(355): CodeIgniter\CodeIgniter->handleRequest(null, Object(Config\Cache), false)
 9 SYSTEMPATH\Boot.php(334): CodeIgniter\CodeIgniter->run()
10 SYSTEMPATH\Boot.php(67): CodeIgniter\Boot::runCodeIgniter(Object(CodeIgniter\CodeIgniter))
11 FCPATH\index.php(56): CodeIgniter\Boot::bootWeb(Object(Config\Paths))
CRITICAL - 2025-01-03 05:28:31 --> ErrorException: Undefined variable $manager
[Method: GET, Route: edit_manager/5]
in APPPATH\Views\manager\edit_manager.php on line 16.
 1 APPPATH\Views\manager\edit_manager.php(16): CodeIgniter\Debug\Exceptions->errorHandler(2, 'Undefined variable $manager', 'C:\\xampp\\htdocs\\caters\\app\\Views\\manager\\edit_manager.php', 16)
 2 SYSTEMPATH\View\View.php(234): include('C:\\xampp\\htdocs\\caters\\app\\Views\\manager\\edit_manager.php')
 3 SYSTEMPATH\View\View.php(237): CodeIgniter\View\View->CodeIgniter\View\{closure}()
 4 SYSTEMPATH\Common.php(1171): CodeIgniter\View\View->render('manager/edit_manager', [], true)
 5 APPPATH\Controllers\Home.php(232): view('manager/edit_manager')
 6 SYSTEMPATH\CodeIgniter.php(933): App\Controllers\Home->edit_manager('5')
 7 SYSTEMPATH\CodeIgniter.php(509): CodeIgniter\CodeIgniter->runController(Object(App\Controllers\Home))
 8 SYSTEMPATH\CodeIgniter.php(355): CodeIgniter\CodeIgniter->handleRequest(null, Object(Config\Cache), false)
 9 SYSTEMPATH\Boot.php(334): CodeIgniter\CodeIgniter->run()
10 SYSTEMPATH\Boot.php(67): CodeIgniter\Boot::runCodeIgniter(Object(CodeIgniter\CodeIgniter))
11 FCPATH\index.php(56): CodeIgniter\Boot::bootWeb(Object(Config\Paths))
CRITICAL - 2025-01-03 05:28:41 --> ErrorException: Undefined variable $manager
[Method: GET, Route: edit_manager/5]
in APPPATH\Views\manager\edit_manager.php on line 16.
 1 APPPATH\Views\manager\edit_manager.php(16): CodeIgniter\Debug\Exceptions->errorHandler(2, 'Undefined variable $manager', 'C:\\xampp\\htdocs\\caters\\app\\Views\\manager\\edit_manager.php', 16)
 2 SYSTEMPATH\View\View.php(234): include('C:\\xampp\\htdocs\\caters\\app\\Views\\manager\\edit_manager.php')
 3 SYSTEMPATH\View\View.php(237): CodeIgniter\View\View->CodeIgniter\View\{closure}()
 4 SYSTEMPATH\Common.php(1171): CodeIgniter\View\View->render('manager/edit_manager', [], true)
 5 APPPATH\Controllers\Home.php(232): view('manager/edit_manager')
 6 SYSTEMPATH\CodeIgniter.php(933): App\Controllers\Home->edit_manager('5')
 7 SYSTEMPATH\CodeIgniter.php(509): CodeIgniter\CodeIgniter->runController(Object(App\Controllers\Home))
 8 SYSTEMPATH\CodeIgniter.php(355): CodeIgniter\CodeIgniter->handleRequest(null, Object(Config\Cache), false)
 9 SYSTEMPATH\Boot.php(334): CodeIgniter\CodeIgniter->run()
10 SYSTEMPATH\Boot.php(67): CodeIgniter\Boot::runCodeIgniter(Object(CodeIgniter\CodeIgniter))
11 FCPATH\index.php(56): CodeIgniter\Boot::bootWeb(Object(Config\Paths))
CRITICAL - 2025-01-03 05:41:37 --> ErrorException: Undefined variable $manager
[Method: GET, Route: edit_manager/5]
in APPPATH\Views\manager\edit_manager.php on line 16.
 1 APPPATH\Views\manager\edit_manager.php(16): CodeIgniter\Debug\Exceptions->errorHandler(2, 'Undefined variable $manager', 'C:\\xampp\\htdocs\\caters\\app\\Views\\manager\\edit_manager.php', 16)
 2 SYSTEMPATH\View\View.php(234): include('C:\\xampp\\htdocs\\caters\\app\\Views\\manager\\edit_manager.php')
 3 SYSTEMPATH\View\View.php(237): CodeIgniter\View\View->CodeIgniter\View\{closure}()
 4 SYSTEMPATH\Common.php(1171): CodeIgniter\View\View->render('manager/edit_manager', [], true)
 5 APPPATH\Controllers\Home.php(232): view('manager/edit_manager')
 6 SYSTEMPATH\CodeIgniter.php(933): App\Controllers\Home->edit_manager('5')
 7 SYSTEMPATH\CodeIgniter.php(509): CodeIgniter\CodeIgniter->runController(Object(App\Controllers\Home))
 8 SYSTEMPATH\CodeIgniter.php(355): CodeIgniter\CodeIgniter->handleRequest(null, Object(Config\Cache), false)
 9 SYSTEMPATH\Boot.php(334): CodeIgniter\CodeIgniter->run()
10 SYSTEMPATH\Boot.php(67): CodeIgniter\Boot::runCodeIgniter(Object(CodeIgniter\CodeIgniter))
11 FCPATH\index.php(56): CodeIgniter\Boot::bootWeb(Object(Config\Paths))
CRITICAL - 2025-01-03 05:44:29 --> ErrorException: Undefined variable $supervisor
[Method: GET, Route: edit_manager/5]
in APPPATH\Views\manager\edit_manager.php on line 31.
 1 APPPATH\Views\manager\edit_manager.php(31): CodeIgniter\Debug\Exceptions->errorHandler(2, 'Undefined variable $supervisor', 'C:\\xampp\\htdocs\\caters\\app\\Views\\manager\\edit_manager.php', 31)
 2 SYSTEMPATH\View\View.php(234): include('C:\\xampp\\htdocs\\caters\\app\\Views\\manager\\edit_manager.php')
 3 SYSTEMPATH\View\View.php(237): CodeIgniter\View\View->CodeIgniter\View\{closure}()
 4 SYSTEMPATH\Common.php(1171): CodeIgniter\View\View->render('manager/edit_manager', [], true)
 5 APPPATH\Controllers\Home.php(234): view('manager/edit_manager', [...])
 6 SYSTEMPATH\CodeIgniter.php(933): App\Controllers\Home->edit_manager('5')
 7 SYSTEMPATH\CodeIgniter.php(509): CodeIgniter\CodeIgniter->runController(Object(App\Controllers\Home))
 8 SYSTEMPATH\CodeIgniter.php(355): CodeIgniter\CodeIgniter->handleRequest(null, Object(Config\Cache), false)
 9 SYSTEMPATH\Boot.php(334): CodeIgniter\CodeIgniter->run()
10 SYSTEMPATH\Boot.php(67): CodeIgniter\Boot::runCodeIgniter(Object(CodeIgniter\CodeIgniter))
11 FCPATH\index.php(56): CodeIgniter\Boot::bootWeb(Object(Config\Paths))
CRITICAL - 2025-01-03 05:46:34 --> ErrorException: Undefined variable $supervisor
[Method: GET, Route: edit_manager/5]
in APPPATH\Views\manager\edit_manager.php on line 31.
 1 APPPATH\Views\manager\edit_manager.php(31): CodeIgniter\Debug\Exceptions->errorHandler(2, 'Undefined variable $supervisor', 'C:\\xampp\\htdocs\\caters\\app\\Views\\manager\\edit_manager.php', 31)
 2 SYSTEMPATH\View\View.php(234): include('C:\\xampp\\htdocs\\caters\\app\\Views\\manager\\edit_manager.php')
 3 SYSTEMPATH\View\View.php(237): CodeIgniter\View\View->CodeIgniter\View\{closure}()
 4 SYSTEMPATH\Common.php(1171): CodeIgniter\View\View->render('manager/edit_manager', [], true)
 5 APPPATH\Controllers\Home.php(234): view('manager/edit_manager', [...])
 6 SYSTEMPATH\CodeIgniter.php(933): App\Controllers\Home->edit_manager('5')
 7 SYSTEMPATH\CodeIgniter.php(509): CodeIgniter\CodeIgniter->runController(Object(App\Controllers\Home))
 8 SYSTEMPATH\CodeIgniter.php(355): CodeIgniter\CodeIgniter->handleRequest(null, Object(Config\Cache), false)
 9 SYSTEMPATH\Boot.php(334): CodeIgniter\CodeIgniter->run()
10 SYSTEMPATH\Boot.php(67): CodeIgniter\Boot::runCodeIgniter(Object(CodeIgniter\CodeIgniter))
11 FCPATH\index.php(56): CodeIgniter\Boot::bootWeb(Object(Config\Paths))
CRITICAL - 2025-01-03 05:47:38 --> ErrorException: Undefined variable $supervisor
[Method: GET, Route: edit_manager/5]
in APPPATH\Views\manager\edit_manager.php on line 31.
 1 APPPATH\Views\manager\edit_manager.php(31): CodeIgniter\Debug\Exceptions->errorHandler(2, 'Undefined variable $supervisor', 'C:\\xampp\\htdocs\\caters\\app\\Views\\manager\\edit_manager.php', 31)
 2 SYSTEMPATH\View\View.php(234): include('C:\\xampp\\htdocs\\caters\\app\\Views\\manager\\edit_manager.php')
 3 SYSTEMPATH\View\View.php(237): CodeIgniter\View\View->CodeIgniter\View\{closure}()
 4 SYSTEMPATH\Common.php(1171): CodeIgniter\View\View->render('manager/edit_manager', [], true)
 5 APPPATH\Controllers\Home.php(234): view('manager/edit_manager', [...])
 6 SYSTEMPATH\CodeIgniter.php(933): App\Controllers\Home->edit_manager('5')
 7 SYSTEMPATH\CodeIgniter.php(509): CodeIgniter\CodeIgniter->runController(Object(App\Controllers\Home))
 8 SYSTEMPATH\CodeIgniter.php(355): CodeIgniter\CodeIgniter->handleRequest(null, Object(Config\Cache), false)
 9 SYSTEMPATH\Boot.php(334): CodeIgniter\CodeIgniter->run()
10 SYSTEMPATH\Boot.php(67): CodeIgniter\Boot::runCodeIgniter(Object(CodeIgniter\CodeIgniter))
11 FCPATH\index.php(56): CodeIgniter\Boot::bootWeb(Object(Config\Paths))
CRITICAL - 2025-01-03 05:57:06 --> ErrorException: Undefined variable $supervisor
[Method: GET, Route: edit_vendor/6]
in APPPATH\Views\vendor\edit_vendor.php on line 39.
 1 APPPATH\Views\vendor\edit_vendor.php(39): CodeIgniter\Debug\Exceptions->errorHandler(2, 'Undefined variable $supervisor', 'C:\\xampp\\htdocs\\caters\\app\\Views\\vendor\\edit_vendor.php', 39)
 2 SYSTEMPATH\View\View.php(234): include('C:\\xampp\\htdocs\\caters\\app\\Views\\vendor\\edit_vendor.php')
 3 SYSTEMPATH\View\View.php(237): CodeIgniter\View\View->CodeIgniter\View\{closure}()
 4 SYSTEMPATH\Common.php(1171): CodeIgniter\View\View->render('vendor/edit_vendor', [], true)
 5 APPPATH\Controllers\Home.php(340): view('vendor/edit_vendor', [...])
 6 SYSTEMPATH\CodeIgniter.php(933): App\Controllers\Home->edit_vendor('6')
 7 SYSTEMPATH\CodeIgniter.php(509): CodeIgniter\CodeIgniter->runController(Object(App\Controllers\Home))
 8 SYSTEMPATH\CodeIgniter.php(355): CodeIgniter\CodeIgniter->handleRequest(null, Object(Config\Cache), false)
 9 SYSTEMPATH\Boot.php(334): CodeIgniter\CodeIgniter->run()
10 SYSTEMPATH\Boot.php(67): CodeIgniter\Boot::runCodeIgniter(Object(CodeIgniter\CodeIgniter))
11 FCPATH\index.php(56): CodeIgniter\Boot::bootWeb(Object(Config\Paths))
CRITICAL - 2025-01-03 11:12:31 --> BadMethodCallException: Call to undefined method App\Models\UserAdminModel::get_list_order
[Method: GET, Route: list_order]
in SYSTEMPATH\Model.php on line 930.
 1 APPPATH\Controllers\Vendor.php(26): CodeIgniter\Model->__call('get_list_order', [])
 2 SYSTEMPATH\CodeIgniter.php(933): App\Controllers\Vendor->list_order()
 3 SYSTEMPATH\CodeIgniter.php(509): CodeIgniter\CodeIgniter->runController(Object(App\Controllers\Vendor))
 4 SYSTEMPATH\CodeIgniter.php(355): CodeIgniter\CodeIgniter->handleRequest(null, Object(Config\Cache), false)
 5 SYSTEMPATH\Boot.php(334): CodeIgniter\CodeIgniter->run()
 6 SYSTEMPATH\Boot.php(67): CodeIgniter\Boot::runCodeIgniter(Object(CodeIgniter\CodeIgniter))
 7 FCPATH\index.php(56): CodeIgniter\Boot::bootWeb(Object(Config\Paths))
ERROR - 2025-01-03 11:38:29 --> mysqli_sql_exception: Operand should contain 1 column(s) in C:\xampp\htdocs\caters\system\Database\MySQLi\Connection.php:312
Stack trace:
#0 C:\xampp\htdocs\caters\system\Database\MySQLi\Connection.php(312): mysqli->query('INSERT INTO `or...', 0)
#1 C:\xampp\htdocs\caters\system\Database\BaseConnection.php(734): CodeIgniter\Database\MySQLi\Connection->execute('INSERT INTO `or...')
#2 C:\xampp\htdocs\caters\system\Database\BaseConnection.php(648): CodeIgniter\Database\BaseConnection->simpleQuery('INSERT INTO `or...')
#3 C:\xampp\htdocs\caters\system\Database\BaseBuilder.php(2340): CodeIgniter\Database\BaseConnection->query('INSERT INTO `or...', Array, false)
#4 C:\xampp\htdocs\caters\system\Model.php(394): CodeIgniter\Database\BaseBuilder->insert()
#5 C:\xampp\htdocs\caters\system\BaseModel.php(839): CodeIgniter\Model->doInsert(Array)
#6 C:\xampp\htdocs\caters\system\Model.php(800): CodeIgniter\BaseModel->insert(Array, true)
#7 C:\xampp\htdocs\caters\app\Controllers\Vendor.php(55): CodeIgniter\Model->insert(Array)
#8 C:\xampp\htdocs\caters\system\CodeIgniter.php(933): App\Controllers\Vendor->save_order()
#9 C:\xampp\htdocs\caters\system\CodeIgniter.php(509): CodeIgniter\CodeIgniter->runController(Object(App\Controllers\Vendor))
#10 C:\xampp\htdocs\caters\system\CodeIgniter.php(355): CodeIgniter\CodeIgniter->handleRequest(NULL, Object(Config\Cache), false)
#11 C:\xampp\htdocs\caters\system\Boot.php(334): CodeIgniter\CodeIgniter->run()
#12 C:\xampp\htdocs\caters\system\Boot.php(67): CodeIgniter\Boot::runCodeIgniter(Object(CodeIgniter\CodeIgniter))
#13 C:\xampp\htdocs\caters\index.php(56): CodeIgniter\Boot::bootWeb(Object(Config\Paths))
#14 {main}
CRITICAL - 2025-01-03 11:38:29 --> CodeIgniter\Database\Exceptions\DatabaseException: Operand should contain 1 column(s)
[Method: POST, Route: save_order]
in SYSTEMPATH\Database\BaseConnection.php on line 688.
 1 SYSTEMPATH\Database\BaseBuilder.php(2340): CodeIgniter\Database\BaseConnection->query('INSERT INTO `orders` (`start_date`, `end_date`, `venue`, `staff_time`, `staff`, `count`) VALUES (:start_date:, :end_date:, :venue:, :staff_time:, :staff:, :count:)', [...], false)
 2 SYSTEMPATH\Model.php(394): CodeIgniter\Database\BaseBuilder->insert()
 3 SYSTEMPATH\BaseModel.php(839): CodeIgniter\Model->doInsert([...])
 4 SYSTEMPATH\Model.php(800): CodeIgniter\BaseModel->insert([...], true)
 5 APPPATH\Controllers\Vendor.php(55): CodeIgniter\Model->insert([...])
 6 SYSTEMPATH\CodeIgniter.php(933): App\Controllers\Vendor->save_order()
 7 SYSTEMPATH\CodeIgniter.php(509): CodeIgniter\CodeIgniter->runController(Object(App\Controllers\Vendor))
 8 SYSTEMPATH\CodeIgniter.php(355): CodeIgniter\CodeIgniter->handleRequest(null, Object(Config\Cache), false)
 9 SYSTEMPATH\Boot.php(334): CodeIgniter\CodeIgniter->run()
10 SYSTEMPATH\Boot.php(67): CodeIgniter\Boot::runCodeIgniter(Object(CodeIgniter\CodeIgniter))
11 FCPATH\index.php(56): CodeIgniter\Boot::bootWeb(Object(Config\Paths))
CRITICAL - 2025-01-03 11:38:29 --> [Caused by] CodeIgniter\Database\Exceptions\DatabaseException: Operand should contain 1 column(s)
in SYSTEMPATH\Database\MySQLi\Connection.php on line 317.
 1 SYSTEMPATH\Database\BaseConnection.php(734): CodeIgniter\Database\MySQLi\Connection->execute('INSERT INTO `orders` (`start_date`, `end_date`, `venue`, `staff_time`, `staff`, `count`) VALUES (\'2025-01-03\', \'2025-01-04\', \'pune\', \'morning\', (\'shweta\',\'sunny\'), \'7\')')
 2 SYSTEMPATH\Database\BaseConnection.php(648): CodeIgniter\Database\BaseConnection->simpleQuery('INSERT INTO `orders` (`start_date`, `end_date`, `venue`, `staff_time`, `staff`, `count`) VALUES (\'2025-01-03\', \'2025-01-04\', \'pune\', \'morning\', (\'shweta\',\'sunny\'), \'7\')')
 3 SYSTEMPATH\Database\BaseBuilder.php(2340): CodeIgniter\Database\BaseConnection->query('INSERT INTO `orders` (`start_date`, `end_date`, `venue`, `staff_time`, `staff`, `count`) VALUES (:start_date:, :end_date:, :venue:, :staff_time:, :staff:, :count:)', [...], false)
 4 SYSTEMPATH\Model.php(394): CodeIgniter\Database\BaseBuilder->insert()
 5 SYSTEMPATH\BaseModel.php(839): CodeIgniter\Model->doInsert([...])
 6 SYSTEMPATH\Model.php(800): CodeIgniter\BaseModel->insert([...], true)
 7 APPPATH\Controllers\Vendor.php(55): CodeIgniter\Model->insert([...])
 8 SYSTEMPATH\CodeIgniter.php(933): App\Controllers\Vendor->save_order()
 9 SYSTEMPATH\CodeIgniter.php(509): CodeIgniter\CodeIgniter->runController(Object(App\Controllers\Vendor))
10 SYSTEMPATH\CodeIgniter.php(355): CodeIgniter\CodeIgniter->handleRequest(null, Object(Config\Cache), false)
11 SYSTEMPATH\Boot.php(334): CodeIgniter\CodeIgniter->run()
12 SYSTEMPATH\Boot.php(67): CodeIgniter\Boot::runCodeIgniter(Object(CodeIgniter\CodeIgniter))
13 FCPATH\index.php(56): CodeIgniter\Boot::bootWeb(Object(Config\Paths))
CRITICAL - 2025-01-03 11:38:29 --> [Caused by] mysqli_sql_exception: Operand should contain 1 column(s)
in SYSTEMPATH\Database\MySQLi\Connection.php on line 312.
 1 SYSTEMPATH\Database\MySQLi\Connection.php(312): mysqli->query('INSERT INTO `orders` (`start_date`, `end_date`, `venue`, `staff_time`, `staff`, `count`) VALUES (\'2025-01-03\', \'2025-01-04\', \'pune\', \'morning\', (\'shweta\',\'sunny\'), \'7\')', 0)
 2 SYSTEMPATH\Database\BaseConnection.php(734): CodeIgniter\Database\MySQLi\Connection->execute('INSERT INTO `orders` (`start_date`, `end_date`, `venue`, `staff_time`, `staff`, `count`) VALUES (\'2025-01-03\', \'2025-01-04\', \'pune\', \'morning\', (\'shweta\',\'sunny\'), \'7\')')
 3 SYSTEMPATH\Database\BaseConnection.php(648): CodeIgniter\Database\BaseConnection->simpleQuery('INSERT INTO `orders` (`start_date`, `end_date`, `venue`, `staff_time`, `staff`, `count`) VALUES (\'2025-01-03\', \'2025-01-04\', \'pune\', \'morning\', (\'shweta\',\'sunny\'), \'7\')')
 4 SYSTEMPATH\Database\BaseBuilder.php(2340): CodeIgniter\Database\BaseConnection->query('INSERT INTO `orders` (`start_date`, `end_date`, `venue`, `staff_time`, `staff`, `count`) VALUES (:start_date:, :end_date:, :venue:, :staff_time:, :staff:, :count:)', [...], false)
 5 SYSTEMPATH\Model.php(394): CodeIgniter\Database\BaseBuilder->insert()
 6 SYSTEMPATH\BaseModel.php(839): CodeIgniter\Model->doInsert([...])
 7 SYSTEMPATH\Model.php(800): CodeIgniter\BaseModel->insert([...], true)
 8 APPPATH\Controllers\Vendor.php(55): CodeIgniter\Model->insert([...])
 9 SYSTEMPATH\CodeIgniter.php(933): App\Controllers\Vendor->save_order()
10 SYSTEMPATH\CodeIgniter.php(509): CodeIgniter\CodeIgniter->runController(Object(App\Controllers\Vendor))
11 SYSTEMPATH\CodeIgniter.php(355): CodeIgniter\CodeIgniter->handleRequest(null, Object(Config\Cache), false)
12 SYSTEMPATH\Boot.php(334): CodeIgniter\CodeIgniter->run()
13 SYSTEMPATH\Boot.php(67): CodeIgniter\Boot::runCodeIgniter(Object(CodeIgniter\CodeIgniter))
14 FCPATH\index.php(56): CodeIgniter\Boot::bootWeb(Object(Config\Paths))
ERROR - 2025-01-03 11:39:46 --> mysqli_sql_exception: Operand should contain 1 column(s) in C:\xampp\htdocs\caters\system\Database\MySQLi\Connection.php:312
Stack trace:
#0 C:\xampp\htdocs\caters\system\Database\MySQLi\Connection.php(312): mysqli->query('INSERT INTO `or...', 0)
#1 C:\xampp\htdocs\caters\system\Database\BaseConnection.php(734): CodeIgniter\Database\MySQLi\Connection->execute('INSERT INTO `or...')
#2 C:\xampp\htdocs\caters\system\Database\BaseConnection.php(648): CodeIgniter\Database\BaseConnection->simpleQuery('INSERT INTO `or...')
#3 C:\xampp\htdocs\caters\system\Database\BaseBuilder.php(2340): CodeIgniter\Database\BaseConnection->query('INSERT INTO `or...', Array, false)
#4 C:\xampp\htdocs\caters\system\Model.php(394): CodeIgniter\Database\BaseBuilder->insert()
#5 C:\xampp\htdocs\caters\system\BaseModel.php(839): CodeIgniter\Model->doInsert(Array)
#6 C:\xampp\htdocs\caters\system\Model.php(800): CodeIgniter\BaseModel->insert(Array, true)
#7 C:\xampp\htdocs\caters\app\Controllers\Vendor.php(55): CodeIgniter\Model->insert(Array)
#8 C:\xampp\htdocs\caters\system\CodeIgniter.php(933): App\Controllers\Vendor->save_order()
#9 C:\xampp\htdocs\caters\system\CodeIgniter.php(509): CodeIgniter\CodeIgniter->runController(Object(App\Controllers\Vendor))
#10 C:\xampp\htdocs\caters\system\CodeIgniter.php(355): CodeIgniter\CodeIgniter->handleRequest(NULL, Object(Config\Cache), false)
#11 C:\xampp\htdocs\caters\system\Boot.php(334): CodeIgniter\CodeIgniter->run()
#12 C:\xampp\htdocs\caters\system\Boot.php(67): CodeIgniter\Boot::runCodeIgniter(Object(CodeIgniter\CodeIgniter))
#13 C:\xampp\htdocs\caters\index.php(56): CodeIgniter\Boot::bootWeb(Object(Config\Paths))
#14 {main}
CRITICAL - 2025-01-03 11:39:46 --> CodeIgniter\Database\Exceptions\DatabaseException: Operand should contain 1 column(s)
[Method: POST, Route: save_order]
in SYSTEMPATH\Database\BaseConnection.php on line 688.
 1 SYSTEMPATH\Database\BaseBuilder.php(2340): CodeIgniter\Database\BaseConnection->query('INSERT INTO `orders` (`start_date`, `end_date`, `venue`, `staff_time`, `staff`, `count`) VALUES (:start_date:, :end_date:, :venue:, :staff_time:, :staff:, :count:)', [...], false)
 2 SYSTEMPATH\Model.php(394): CodeIgniter\Database\BaseBuilder->insert()
 3 SYSTEMPATH\BaseModel.php(839): CodeIgniter\Model->doInsert([...])
 4 SYSTEMPATH\Model.php(800): CodeIgniter\BaseModel->insert([...], true)
 5 APPPATH\Controllers\Vendor.php(55): CodeIgniter\Model->insert([...])
 6 SYSTEMPATH\CodeIgniter.php(933): App\Controllers\Vendor->save_order()
 7 SYSTEMPATH\CodeIgniter.php(509): CodeIgniter\CodeIgniter->runController(Object(App\Controllers\Vendor))
 8 SYSTEMPATH\CodeIgniter.php(355): CodeIgniter\CodeIgniter->handleRequest(null, Object(Config\Cache), false)
 9 SYSTEMPATH\Boot.php(334): CodeIgniter\CodeIgniter->run()
10 SYSTEMPATH\Boot.php(67): CodeIgniter\Boot::runCodeIgniter(Object(CodeIgniter\CodeIgniter))
11 FCPATH\index.php(56): CodeIgniter\Boot::bootWeb(Object(Config\Paths))
CRITICAL - 2025-01-03 11:39:46 --> [Caused by] CodeIgniter\Database\Exceptions\DatabaseException: Operand should contain 1 column(s)
in SYSTEMPATH\Database\MySQLi\Connection.php on line 317.
 1 SYSTEMPATH\Database\BaseConnection.php(734): CodeIgniter\Database\MySQLi\Connection->execute('INSERT INTO `orders` (`start_date`, `end_date`, `venue`, `staff_time`, `staff`, `count`) VALUES (\'2025-01-03\', \'2025-01-04\', \'pune\', \'morning\', (\'ssb\',\'ssb2\',\'gsb\'), \'7\')')
 2 SYSTEMPATH\Database\BaseConnection.php(648): CodeIgniter\Database\BaseConnection->simpleQuery('INSERT INTO `orders` (`start_date`, `end_date`, `venue`, `staff_time`, `staff`, `count`) VALUES (\'2025-01-03\', \'2025-01-04\', \'pune\', \'morning\', (\'ssb\',\'ssb2\',\'gsb\'), \'7\')')
 3 SYSTEMPATH\Database\BaseBuilder.php(2340): CodeIgniter\Database\BaseConnection->query('INSERT INTO `orders` (`start_date`, `end_date`, `venue`, `staff_time`, `staff`, `count`) VALUES (:start_date:, :end_date:, :venue:, :staff_time:, :staff:, :count:)', [...], false)
 4 SYSTEMPATH\Model.php(394): CodeIgniter\Database\BaseBuilder->insert()
 5 SYSTEMPATH\BaseModel.php(839): CodeIgniter\Model->doInsert([...])
 6 SYSTEMPATH\Model.php(800): CodeIgniter\BaseModel->insert([...], true)
 7 APPPATH\Controllers\Vendor.php(55): CodeIgniter\Model->insert([...])
 8 SYSTEMPATH\CodeIgniter.php(933): App\Controllers\Vendor->save_order()
 9 SYSTEMPATH\CodeIgniter.php(509): CodeIgniter\CodeIgniter->runController(Object(App\Controllers\Vendor))
10 SYSTEMPATH\CodeIgniter.php(355): CodeIgniter\CodeIgniter->handleRequest(null, Object(Config\Cache), false)
11 SYSTEMPATH\Boot.php(334): CodeIgniter\CodeIgniter->run()
12 SYSTEMPATH\Boot.php(67): CodeIgniter\Boot::runCodeIgniter(Object(CodeIgniter\CodeIgniter))
13 FCPATH\index.php(56): CodeIgniter\Boot::bootWeb(Object(Config\Paths))
CRITICAL - 2025-01-03 11:39:46 --> [Caused by] mysqli_sql_exception: Operand should contain 1 column(s)
in SYSTEMPATH\Database\MySQLi\Connection.php on line 312.
 1 SYSTEMPATH\Database\MySQLi\Connection.php(312): mysqli->query('INSERT INTO `orders` (`start_date`, `end_date`, `venue`, `staff_time`, `staff`, `count`) VALUES (\'2025-01-03\', \'2025-01-04\', \'pune\', \'morning\', (\'ssb\',\'ssb2\',\'gsb\'), \'7\')', 0)
 2 SYSTEMPATH\Database\BaseConnection.php(734): CodeIgniter\Database\MySQLi\Connection->execute('INSERT INTO `orders` (`start_date`, `end_date`, `venue`, `staff_time`, `staff`, `count`) VALUES (\'2025-01-03\', \'2025-01-04\', \'pune\', \'morning\', (\'ssb\',\'ssb2\',\'gsb\'), \'7\')')
 3 SYSTEMPATH\Database\BaseConnection.php(648): CodeIgniter\Database\BaseConnection->simpleQuery('INSERT INTO `orders` (`start_date`, `end_date`, `venue`, `staff_time`, `staff`, `count`) VALUES (\'2025-01-03\', \'2025-01-04\', \'pune\', \'morning\', (\'ssb\',\'ssb2\',\'gsb\'), \'7\')')
 4 SYSTEMPATH\Database\BaseBuilder.php(2340): CodeIgniter\Database\BaseConnection->query('INSERT INTO `orders` (`start_date`, `end_date`, `venue`, `staff_time`, `staff`, `count`) VALUES (:start_date:, :end_date:, :venue:, :staff_time:, :staff:, :count:)', [...], false)
 5 SYSTEMPATH\Model.php(394): CodeIgniter\Database\BaseBuilder->insert()
 6 SYSTEMPATH\BaseModel.php(839): CodeIgniter\Model->doInsert([...])
 7 SYSTEMPATH\Model.php(800): CodeIgniter\BaseModel->insert([...], true)
 8 APPPATH\Controllers\Vendor.php(55): CodeIgniter\Model->insert([...])
 9 SYSTEMPATH\CodeIgniter.php(933): App\Controllers\Vendor->save_order()
10 SYSTEMPATH\CodeIgniter.php(509): CodeIgniter\CodeIgniter->runController(Object(App\Controllers\Vendor))
11 SYSTEMPATH\CodeIgniter.php(355): CodeIgniter\CodeIgniter->handleRequest(null, Object(Config\Cache), false)
12 SYSTEMPATH\Boot.php(334): CodeIgniter\CodeIgniter->run()
13 SYSTEMPATH\Boot.php(67): CodeIgniter\Boot::runCodeIgniter(Object(CodeIgniter\CodeIgniter))
14 FCPATH\index.php(56): CodeIgniter\Boot::bootWeb(Object(Config\Paths))
ERROR - 2025-01-03 11:40:55 --> mysqli_sql_exception: Column 'staff' cannot be null in C:\xampp\htdocs\caters\system\Database\MySQLi\Connection.php:312
Stack trace:
#0 C:\xampp\htdocs\caters\system\Database\MySQLi\Connection.php(312): mysqli->query('INSERT INTO `or...', 0)
#1 C:\xampp\htdocs\caters\system\Database\BaseConnection.php(734): CodeIgniter\Database\MySQLi\Connection->execute('INSERT INTO `or...')
#2 C:\xampp\htdocs\caters\system\Database\BaseConnection.php(648): CodeIgniter\Database\BaseConnection->simpleQuery('INSERT INTO `or...')
#3 C:\xampp\htdocs\caters\system\Database\BaseBuilder.php(2340): CodeIgniter\Database\BaseConnection->query('INSERT INTO `or...', Array, false)
#4 C:\xampp\htdocs\caters\system\Model.php(394): CodeIgniter\Database\BaseBuilder->insert()
#5 C:\xampp\htdocs\caters\system\BaseModel.php(839): CodeIgniter\Model->doInsert(Array)
#6 C:\xampp\htdocs\caters\system\Model.php(800): CodeIgniter\BaseModel->insert(Array, true)
#7 C:\xampp\htdocs\caters\app\Controllers\Vendor.php(55): CodeIgniter\Model->insert(Array)
#8 C:\xampp\htdocs\caters\system\CodeIgniter.php(933): App\Controllers\Vendor->save_order()
#9 C:\xampp\htdocs\caters\system\CodeIgniter.php(509): CodeIgniter\CodeIgniter->runController(Object(App\Controllers\Vendor))
#10 C:\xampp\htdocs\caters\system\CodeIgniter.php(355): CodeIgniter\CodeIgniter->handleRequest(NULL, Object(Config\Cache), false)
#11 C:\xampp\htdocs\caters\system\Boot.php(334): CodeIgniter\CodeIgniter->run()
#12 C:\xampp\htdocs\caters\system\Boot.php(67): CodeIgniter\Boot::runCodeIgniter(Object(CodeIgniter\CodeIgniter))
#13 C:\xampp\htdocs\caters\index.php(56): CodeIgniter\Boot::bootWeb(Object(Config\Paths))
#14 {main}
CRITICAL - 2025-01-03 11:40:55 --> CodeIgniter\Database\Exceptions\DatabaseException: Column 'staff' cannot be null
[Method: POST, Route: save_order]
in SYSTEMPATH\Database\BaseConnection.php on line 688.
 1 SYSTEMPATH\Database\BaseBuilder.php(2340): CodeIgniter\Database\BaseConnection->query('INSERT INTO `orders` (`start_date`, `end_date`, `venue`, `staff_time`, `staff`, `count`) VALUES (:start_date:, :end_date:, :venue:, :staff_time:, :staff:, :count:)', [...], false)
 2 SYSTEMPATH\Model.php(394): CodeIgniter\Database\BaseBuilder->insert()
 3 SYSTEMPATH\BaseModel.php(839): CodeIgniter\Model->doInsert([...])
 4 SYSTEMPATH\Model.php(800): CodeIgniter\BaseModel->insert([...], true)
 5 APPPATH\Controllers\Vendor.php(55): CodeIgniter\Model->insert([...])
 6 SYSTEMPATH\CodeIgniter.php(933): App\Controllers\Vendor->save_order()
 7 SYSTEMPATH\CodeIgniter.php(509): CodeIgniter\CodeIgniter->runController(Object(App\Controllers\Vendor))
 8 SYSTEMPATH\CodeIgniter.php(355): CodeIgniter\CodeIgniter->handleRequest(null, Object(Config\Cache), false)
 9 SYSTEMPATH\Boot.php(334): CodeIgniter\CodeIgniter->run()
10 SYSTEMPATH\Boot.php(67): CodeIgniter\Boot::runCodeIgniter(Object(CodeIgniter\CodeIgniter))
11 FCPATH\index.php(56): CodeIgniter\Boot::bootWeb(Object(Config\Paths))
CRITICAL - 2025-01-03 11:40:55 --> [Caused by] CodeIgniter\Database\Exceptions\DatabaseException: Column 'staff' cannot be null
in SYSTEMPATH\Database\MySQLi\Connection.php on line 317.
 1 SYSTEMPATH\Database\BaseConnection.php(734): CodeIgniter\Database\MySQLi\Connection->execute('INSERT INTO `orders` (`start_date`, `end_date`, `venue`, `staff_time`, `staff`, `count`) VALUES (\'2025-01-03\', \'2025-01-04\', \'pune\', \'morning\', NULL, \'7\')')
 2 SYSTEMPATH\Database\BaseConnection.php(648): CodeIgniter\Database\BaseConnection->simpleQuery('INSERT INTO `orders` (`start_date`, `end_date`, `venue`, `staff_time`, `staff`, `count`) VALUES (\'2025-01-03\', \'2025-01-04\', \'pune\', \'morning\', NULL, \'7\')')
 3 SYSTEMPATH\Database\BaseBuilder.php(2340): CodeIgniter\Database\BaseConnection->query('INSERT INTO `orders` (`start_date`, `end_date`, `venue`, `staff_time`, `staff`, `count`) VALUES (:start_date:, :end_date:, :venue:, :staff_time:, :staff:, :count:)', [...], false)
 4 SYSTEMPATH\Model.php(394): CodeIgniter\Database\BaseBuilder->insert()
 5 SYSTEMPATH\BaseModel.php(839): CodeIgniter\Model->doInsert([...])
 6 SYSTEMPATH\Model.php(800): CodeIgniter\BaseModel->insert([...], true)
 7 APPPATH\Controllers\Vendor.php(55): CodeIgniter\Model->insert([...])
 8 SYSTEMPATH\CodeIgniter.php(933): App\Controllers\Vendor->save_order()
 9 SYSTEMPATH\CodeIgniter.php(509): CodeIgniter\CodeIgniter->runController(Object(App\Controllers\Vendor))
10 SYSTEMPATH\CodeIgniter.php(355): CodeIgniter\CodeIgniter->handleRequest(null, Object(Config\Cache), false)
11 SYSTEMPATH\Boot.php(334): CodeIgniter\CodeIgniter->run()
12 SYSTEMPATH\Boot.php(67): CodeIgniter\Boot::runCodeIgniter(Object(CodeIgniter\CodeIgniter))
13 FCPATH\index.php(56): CodeIgniter\Boot::bootWeb(Object(Config\Paths))
CRITICAL - 2025-01-03 11:40:55 --> [Caused by] mysqli_sql_exception: Column 'staff' cannot be null
in SYSTEMPATH\Database\MySQLi\Connection.php on line 312.
 1 SYSTEMPATH\Database\MySQLi\Connection.php(312): mysqli->query('INSERT INTO `orders` (`start_date`, `end_date`, `venue`, `staff_time`, `staff`, `count`) VALUES (\'2025-01-03\', \'2025-01-04\', \'pune\', \'morning\', NULL, \'7\')', 0)
 2 SYSTEMPATH\Database\BaseConnection.php(734): CodeIgniter\Database\MySQLi\Connection->execute('INSERT INTO `orders` (`start_date`, `end_date`, `venue`, `staff_time`, `staff`, `count`) VALUES (\'2025-01-03\', \'2025-01-04\', \'pune\', \'morning\', NULL, \'7\')')
 3 SYSTEMPATH\Database\BaseConnection.php(648): CodeIgniter\Database\BaseConnection->simpleQuery('INSERT INTO `orders` (`start_date`, `end_date`, `venue`, `staff_time`, `staff`, `count`) VALUES (\'2025-01-03\', \'2025-01-04\', \'pune\', \'morning\', NULL, \'7\')')
 4 SYSTEMPATH\Database\BaseBuilder.php(2340): CodeIgniter\Database\BaseConnection->query('INSERT INTO `orders` (`start_date`, `end_date`, `venue`, `staff_time`, `staff`, `count`) VALUES (:start_date:, :end_date:, :venue:, :staff_time:, :staff:, :count:)', [...], false)
 5 SYSTEMPATH\Model.php(394): CodeIgniter\Database\BaseBuilder->insert()
 6 SYSTEMPATH\BaseModel.php(839): CodeIgniter\Model->doInsert([...])
 7 SYSTEMPATH\Model.php(800): CodeIgniter\BaseModel->insert([...], true)
 8 APPPATH\Controllers\Vendor.php(55): CodeIgniter\Model->insert([...])
 9 SYSTEMPATH\CodeIgniter.php(933): App\Controllers\Vendor->save_order()
10 SYSTEMPATH\CodeIgniter.php(509): CodeIgniter\CodeIgniter->runController(Object(App\Controllers\Vendor))
11 SYSTEMPATH\CodeIgniter.php(355): CodeIgniter\CodeIgniter->handleRequest(null, Object(Config\Cache), false)
12 SYSTEMPATH\Boot.php(334): CodeIgniter\CodeIgniter->run()
13 SYSTEMPATH\Boot.php(67): CodeIgniter\Boot::runCodeIgniter(Object(CodeIgniter\CodeIgniter))
14 FCPATH\index.php(56): CodeIgniter\Boot::bootWeb(Object(Config\Paths))
CRITICAL - 2025-01-03 11:42:30 --> ErrorException: Undefined array key "name"
[Method: GET, Route: list_order]
in APPPATH\Views\vendor\list_order.php on line 50.
 1 APPPATH\Views\vendor\list_order.php(50): CodeIgniter\Debug\Exceptions->errorHandler(2, 'Undefined array key "name"', 'C:\\xampp\\htdocs\\caters\\app\\Views\\vendor\\list_order.php', 50)
 2 SYSTEMPATH\View\View.php(234): include('C:\\xampp\\htdocs\\caters\\app\\Views\\vendor\\list_order.php')
 3 SYSTEMPATH\View\View.php(237): CodeIgniter\View\View->CodeIgniter\View\{closure}()
 4 SYSTEMPATH\Common.php(1171): CodeIgniter\View\View->render('vendor/list_order', [], true)
 5 APPPATH\Controllers\Vendor.php(32): view('vendor/list_order', [...])
 6 SYSTEMPATH\CodeIgniter.php(933): App\Controllers\Vendor->list_order()
 7 SYSTEMPATH\CodeIgniter.php(509): CodeIgniter\CodeIgniter->runController(Object(App\Controllers\Vendor))
 8 SYSTEMPATH\CodeIgniter.php(355): CodeIgniter\CodeIgniter->handleRequest(null, Object(Config\Cache), false)
 9 SYSTEMPATH\Boot.php(334): CodeIgniter\CodeIgniter->run()
10 SYSTEMPATH\Boot.php(67): CodeIgniter\Boot::runCodeIgniter(Object(CodeIgniter\CodeIgniter))
11 FCPATH\index.php(56): CodeIgniter\Boot::bootWeb(Object(Config\Paths))
CRITICAL - 2025-01-03 11:43:38 --> ErrorException: Undefined array key "name"
[Method: GET, Route: list_order]
in APPPATH\Views\vendor\list_order.php on line 50.
 1 APPPATH\Views\vendor\list_order.php(50): CodeIgniter\Debug\Exceptions->errorHandler(2, 'Undefined array key "name"', 'C:\\xampp\\htdocs\\caters\\app\\Views\\vendor\\list_order.php', 50)
 2 SYSTEMPATH\View\View.php(234): include('C:\\xampp\\htdocs\\caters\\app\\Views\\vendor\\list_order.php')
 3 SYSTEMPATH\View\View.php(237): CodeIgniter\View\View->CodeIgniter\View\{closure}()
 4 SYSTEMPATH\Common.php(1171): CodeIgniter\View\View->render('vendor/list_order', [], true)
 5 APPPATH\Controllers\Vendor.php(32): view('vendor/list_order', [...])
 6 SYSTEMPATH\CodeIgniter.php(933): App\Controllers\Vendor->list_order()
 7 SYSTEMPATH\CodeIgniter.php(509): CodeIgniter\CodeIgniter->runController(Object(App\Controllers\Vendor))
 8 SYSTEMPATH\CodeIgniter.php(355): CodeIgniter\CodeIgniter->handleRequest(null, Object(Config\Cache), false)
 9 SYSTEMPATH\Boot.php(334): CodeIgniter\CodeIgniter->run()
10 SYSTEMPATH\Boot.php(67): CodeIgniter\Boot::runCodeIgniter(Object(CodeIgniter\CodeIgniter))
11 FCPATH\index.php(56): CodeIgniter\Boot::bootWeb(Object(Config\Paths))
CRITICAL - 2025-01-03 12:02:17 --> ErrorException: Undefined array key "name"
[Method: GET, Route: list_order]
in APPPATH\Views\vendor\list_order.php on line 50.
 1 APPPATH\Views\vendor\list_order.php(50): CodeIgniter\Debug\Exceptions->errorHandler(2, 'Undefined array key "name"', 'C:\\xampp\\htdocs\\caters\\app\\Views\\vendor\\list_order.php', 50)
 2 SYSTEMPATH\View\View.php(234): include('C:\\xampp\\htdocs\\caters\\app\\Views\\vendor\\list_order.php')
 3 SYSTEMPATH\View\View.php(237): CodeIgniter\View\View->CodeIgniter\View\{closure}()
 4 SYSTEMPATH\Common.php(1171): CodeIgniter\View\View->render('vendor/list_order', [], true)
 5 APPPATH\Controllers\Vendor.php(25): view('vendor/list_order', [...])
 6 SYSTEMPATH\CodeIgniter.php(933): App\Controllers\Vendor->list_order()
 7 SYSTEMPATH\CodeIgniter.php(509): CodeIgniter\CodeIgniter->runController(Object(App\Controllers\Vendor))
 8 SYSTEMPATH\CodeIgniter.php(355): CodeIgniter\CodeIgniter->handleRequest(null, Object(Config\Cache), false)
 9 SYSTEMPATH\Boot.php(334): CodeIgniter\CodeIgniter->run()
10 SYSTEMPATH\Boot.php(67): CodeIgniter\Boot::runCodeIgniter(Object(CodeIgniter\CodeIgniter))
11 FCPATH\index.php(56): CodeIgniter\Boot::bootWeb(Object(Config\Paths))
CRITICAL - 2025-01-03 12:02:43 --> ErrorException: Undefined variable $data
[Method: GET, Route: list_order]
in APPPATH\Controllers\Vendor.php on line 25.
 1 APPPATH\Controllers\Vendor.php(25): CodeIgniter\Debug\Exceptions->errorHandler(2, 'Undefined variable $data', 'C:\\xampp\\htdocs\\caters\\app\\Controllers\\Vendor.php', 25)
 2 SYSTEMPATH\CodeIgniter.php(933): App\Controllers\Vendor->list_order()
 3 SYSTEMPATH\CodeIgniter.php(509): CodeIgniter\CodeIgniter->runController(Object(App\Controllers\Vendor))
 4 SYSTEMPATH\CodeIgniter.php(355): CodeIgniter\CodeIgniter->handleRequest(null, Object(Config\Cache), false)
 5 SYSTEMPATH\Boot.php(334): CodeIgniter\CodeIgniter->run()
 6 SYSTEMPATH\Boot.php(67): CodeIgniter\Boot::runCodeIgniter(Object(CodeIgniter\CodeIgniter))
 7 FCPATH\index.php(56): CodeIgniter\Boot::bootWeb(Object(Config\Paths))
CRITICAL - 2025-01-03 12:04:56 --> ErrorException: Undefined variable $inserted
[Method: GET, Route: list_order]
in APPPATH\Controllers\Vendor.php on line 22.
 1 APPPATH\Controllers\Vendor.php(22): CodeIgniter\Debug\Exceptions->errorHandler(2, 'Undefined variable $inserted', 'C:\\xampp\\htdocs\\caters\\app\\Controllers\\Vendor.php', 22)
 2 SYSTEMPATH\CodeIgniter.php(933): App\Controllers\Vendor->list_order()
 3 SYSTEMPATH\CodeIgniter.php(509): CodeIgniter\CodeIgniter->runController(Object(App\Controllers\Vendor))
 4 SYSTEMPATH\CodeIgniter.php(355): CodeIgniter\CodeIgniter->handleRequest(null, Object(Config\Cache), false)
 5 SYSTEMPATH\Boot.php(334): CodeIgniter\CodeIgniter->run()
 6 SYSTEMPATH\Boot.php(67): CodeIgniter\Boot::runCodeIgniter(Object(CodeIgniter\CodeIgniter))
 7 FCPATH\index.php(56): CodeIgniter\Boot::bootWeb(Object(Config\Paths))
CRITICAL - 2025-01-03 12:05:00 --> ErrorException: Undefined variable $inserted
[Method: GET, Route: list_order]
in APPPATH\Controllers\Vendor.php on line 22.
 1 APPPATH\Controllers\Vendor.php(22): CodeIgniter\Debug\Exceptions->errorHandler(2, 'Undefined variable $inserted', 'C:\\xampp\\htdocs\\caters\\app\\Controllers\\Vendor.php', 22)
 2 SYSTEMPATH\CodeIgniter.php(933): App\Controllers\Vendor->list_order()
 3 SYSTEMPATH\CodeIgniter.php(509): CodeIgniter\CodeIgniter->runController(Object(App\Controllers\Vendor))
 4 SYSTEMPATH\CodeIgniter.php(355): CodeIgniter\CodeIgniter->handleRequest(null, Object(Config\Cache), false)
 5 SYSTEMPATH\Boot.php(334): CodeIgniter\CodeIgniter->run()
 6 SYSTEMPATH\Boot.php(67): CodeIgniter\Boot::runCodeIgniter(Object(CodeIgniter\CodeIgniter))
 7 FCPATH\index.php(56): CodeIgniter\Boot::bootWeb(Object(Config\Paths))
CRITICAL - 2025-01-03 12:05:15 --> ErrorException: Undefined variable $inserted
[Method: GET, Route: list_order]
in APPPATH\Controllers\Vendor.php on line 22.
 1 APPPATH\Controllers\Vendor.php(22): CodeIgniter\Debug\Exceptions->errorHandler(2, 'Undefined variable $inserted', 'C:\\xampp\\htdocs\\caters\\app\\Controllers\\Vendor.php', 22)
 2 SYSTEMPATH\CodeIgniter.php(933): App\Controllers\Vendor->list_order()
 3 SYSTEMPATH\CodeIgniter.php(509): CodeIgniter\CodeIgniter->runController(Object(App\Controllers\Vendor))
 4 SYSTEMPATH\CodeIgniter.php(355): CodeIgniter\CodeIgniter->handleRequest(null, Object(Config\Cache), false)
 5 SYSTEMPATH\Boot.php(334): CodeIgniter\CodeIgniter->run()
 6 SYSTEMPATH\Boot.php(67): CodeIgniter\Boot::runCodeIgniter(Object(CodeIgniter\CodeIgniter))
 7 FCPATH\index.php(56): CodeIgniter\Boot::bootWeb(Object(Config\Paths))
ERROR - 2025-01-03 12:07:10 --> mysqli_sql_exception: Operand should contain 1 column(s) in C:\xampp\htdocs\caters\system\Database\MySQLi\Connection.php:312
Stack trace:
#0 C:\xampp\htdocs\caters\system\Database\MySQLi\Connection.php(312): mysqli->query('INSERT INTO `or...', 0)
#1 C:\xampp\htdocs\caters\system\Database\BaseConnection.php(734): CodeIgniter\Database\MySQLi\Connection->execute('INSERT INTO `or...')
#2 C:\xampp\htdocs\caters\system\Database\BaseConnection.php(648): CodeIgniter\Database\BaseConnection->simpleQuery('INSERT INTO `or...')
#3 C:\xampp\htdocs\caters\system\Database\BaseBuilder.php(2340): CodeIgniter\Database\BaseConnection->query('INSERT INTO `or...', Array, false)
#4 C:\xampp\htdocs\caters\system\Model.php(394): CodeIgniter\Database\BaseBuilder->insert()
#5 C:\xampp\htdocs\caters\system\BaseModel.php(839): CodeIgniter\Model->doInsert(Array)
#6 C:\xampp\htdocs\caters\system\Model.php(800): CodeIgniter\BaseModel->insert(Array, true)
#7 C:\xampp\htdocs\caters\app\Controllers\Vendor.php(55): CodeIgniter\Model->insert(Array)
#8 C:\xampp\htdocs\caters\system\CodeIgniter.php(933): App\Controllers\Vendor->save_order()
#9 C:\xampp\htdocs\caters\system\CodeIgniter.php(509): CodeIgniter\CodeIgniter->runController(Object(App\Controllers\Vendor))
#10 C:\xampp\htdocs\caters\system\CodeIgniter.php(355): CodeIgniter\CodeIgniter->handleRequest(NULL, Object(Config\Cache), false)
#11 C:\xampp\htdocs\caters\system\Boot.php(334): CodeIgniter\CodeIgniter->run()
#12 C:\xampp\htdocs\caters\system\Boot.php(67): CodeIgniter\Boot::runCodeIgniter(Object(CodeIgniter\CodeIgniter))
#13 C:\xampp\htdocs\caters\index.php(56): CodeIgniter\Boot::bootWeb(Object(Config\Paths))
#14 {main}
CRITICAL - 2025-01-03 12:07:10 --> CodeIgniter\Database\Exceptions\DatabaseException: Operand should contain 1 column(s)
[Method: POST, Route: save_order]
in SYSTEMPATH\Database\BaseConnection.php on line 688.
 1 SYSTEMPATH\Database\BaseBuilder.php(2340): CodeIgniter\Database\BaseConnection->query('INSERT INTO `orders` (`start_date`, `end_date`, `venue`, `staff_time`, `staff`, `count`) VALUES (:start_date:, :end_date:, :venue:, :staff_time:, :staff:, :count:)', [...], false)
 2 SYSTEMPATH\Model.php(394): CodeIgniter\Database\BaseBuilder->insert()
 3 SYSTEMPATH\BaseModel.php(839): CodeIgniter\Model->doInsert([...])
 4 SYSTEMPATH\Model.php(800): CodeIgniter\BaseModel->insert([...], true)
 5 APPPATH\Controllers\Vendor.php(55): CodeIgniter\Model->insert([...])
 6 SYSTEMPATH\CodeIgniter.php(933): App\Controllers\Vendor->save_order()
 7 SYSTEMPATH\CodeIgniter.php(509): CodeIgniter\CodeIgniter->runController(Object(App\Controllers\Vendor))
 8 SYSTEMPATH\CodeIgniter.php(355): CodeIgniter\CodeIgniter->handleRequest(null, Object(Config\Cache), false)
 9 SYSTEMPATH\Boot.php(334): CodeIgniter\CodeIgniter->run()
10 SYSTEMPATH\Boot.php(67): CodeIgniter\Boot::runCodeIgniter(Object(CodeIgniter\CodeIgniter))
11 FCPATH\index.php(56): CodeIgniter\Boot::bootWeb(Object(Config\Paths))
CRITICAL - 2025-01-03 12:07:10 --> [Caused by] CodeIgniter\Database\Exceptions\DatabaseException: Operand should contain 1 column(s)
in SYSTEMPATH\Database\MySQLi\Connection.php on line 317.
 1 SYSTEMPATH\Database\BaseConnection.php(734): CodeIgniter\Database\MySQLi\Connection->execute('INSERT INTO `orders` (`start_date`, `end_date`, `venue`, `staff_time`, `staff`, `count`) VALUES (\'2025-01-01\', \'2025-01-04\', \'pune\', \'afternoon\', (\'ssb\',\'ssb2\'), \'2\')')
 2 SYSTEMPATH\Database\BaseConnection.php(648): CodeIgniter\Database\BaseConnection->simpleQuery('INSERT INTO `orders` (`start_date`, `end_date`, `venue`, `staff_time`, `staff`, `count`) VALUES (\'2025-01-01\', \'2025-01-04\', \'pune\', \'afternoon\', (\'ssb\',\'ssb2\'), \'2\')')
 3 SYSTEMPATH\Database\BaseBuilder.php(2340): CodeIgniter\Database\BaseConnection->query('INSERT INTO `orders` (`start_date`, `end_date`, `venue`, `staff_time`, `staff`, `count`) VALUES (:start_date:, :end_date:, :venue:, :staff_time:, :staff:, :count:)', [...], false)
 4 SYSTEMPATH\Model.php(394): CodeIgniter\Database\BaseBuilder->insert()
 5 SYSTEMPATH\BaseModel.php(839): CodeIgniter\Model->doInsert([...])
 6 SYSTEMPATH\Model.php(800): CodeIgniter\BaseModel->insert([...], true)
 7 APPPATH\Controllers\Vendor.php(55): CodeIgniter\Model->insert([...])
 8 SYSTEMPATH\CodeIgniter.php(933): App\Controllers\Vendor->save_order()
 9 SYSTEMPATH\CodeIgniter.php(509): CodeIgniter\CodeIgniter->runController(Object(App\Controllers\Vendor))
10 SYSTEMPATH\CodeIgniter.php(355): CodeIgniter\CodeIgniter->handleRequest(null, Object(Config\Cache), false)
11 SYSTEMPATH\Boot.php(334): CodeIgniter\CodeIgniter->run()
12 SYSTEMPATH\Boot.php(67): CodeIgniter\Boot::runCodeIgniter(Object(CodeIgniter\CodeIgniter))
13 FCPATH\index.php(56): CodeIgniter\Boot::bootWeb(Object(Config\Paths))
CRITICAL - 2025-01-03 12:07:10 --> [Caused by] mysqli_sql_exception: Operand should contain 1 column(s)
in SYSTEMPATH\Database\MySQLi\Connection.php on line 312.
 1 SYSTEMPATH\Database\MySQLi\Connection.php(312): mysqli->query('INSERT INTO `orders` (`start_date`, `end_date`, `venue`, `staff_time`, `staff`, `count`) VALUES (\'2025-01-01\', \'2025-01-04\', \'pune\', \'afternoon\', (\'ssb\',\'ssb2\'), \'2\')', 0)
 2 SYSTEMPATH\Database\BaseConnection.php(734): CodeIgniter\Database\MySQLi\Connection->execute('INSERT INTO `orders` (`start_date`, `end_date`, `venue`, `staff_time`, `staff`, `count`) VALUES (\'2025-01-01\', \'2025-01-04\', \'pune\', \'afternoon\', (\'ssb\',\'ssb2\'), \'2\')')
 3 SYSTEMPATH\Database\BaseConnection.php(648): CodeIgniter\Database\BaseConnection->simpleQuery('INSERT INTO `orders` (`start_date`, `end_date`, `venue`, `staff_time`, `staff`, `count`) VALUES (\'2025-01-01\', \'2025-01-04\', \'pune\', \'afternoon\', (\'ssb\',\'ssb2\'), \'2\')')
 4 SYSTEMPATH\Database\BaseBuilder.php(2340): CodeIgniter\Database\BaseConnection->query('INSERT INTO `orders` (`start_date`, `end_date`, `venue`, `staff_time`, `staff`, `count`) VALUES (:start_date:, :end_date:, :venue:, :staff_time:, :staff:, :count:)', [...], false)
 5 SYSTEMPATH\Model.php(394): CodeIgniter\Database\BaseBuilder->insert()
 6 SYSTEMPATH\BaseModel.php(839): CodeIgniter\Model->doInsert([...])
 7 SYSTEMPATH\Model.php(800): CodeIgniter\BaseModel->insert([...], true)
 8 APPPATH\Controllers\Vendor.php(55): CodeIgniter\Model->insert([...])
 9 SYSTEMPATH\CodeIgniter.php(933): App\Controllers\Vendor->save_order()
10 SYSTEMPATH\CodeIgniter.php(509): CodeIgniter\CodeIgniter->runController(Object(App\Controllers\Vendor))
11 SYSTEMPATH\CodeIgniter.php(355): CodeIgniter\CodeIgniter->handleRequest(null, Object(Config\Cache), false)
12 SYSTEMPATH\Boot.php(334): CodeIgniter\CodeIgniter->run()
13 SYSTEMPATH\Boot.php(67): CodeIgniter\Boot::runCodeIgniter(Object(CodeIgniter\CodeIgniter))
14 FCPATH\index.php(56): CodeIgniter\Boot::bootWeb(Object(Config\Paths))
ERROR - 2025-01-03 12:08:14 --> mysqli_sql_exception: Operand should contain 1 column(s) in C:\xampp\htdocs\caters\system\Database\MySQLi\Connection.php:312
Stack trace:
#0 C:\xampp\htdocs\caters\system\Database\MySQLi\Connection.php(312): mysqli->query('INSERT INTO `or...', 0)
#1 C:\xampp\htdocs\caters\system\Database\BaseConnection.php(734): CodeIgniter\Database\MySQLi\Connection->execute('INSERT INTO `or...')
#2 C:\xampp\htdocs\caters\system\Database\BaseConnection.php(648): CodeIgniter\Database\BaseConnection->simpleQuery('INSERT INTO `or...')
#3 C:\xampp\htdocs\caters\system\Database\BaseBuilder.php(2340): CodeIgniter\Database\BaseConnection->query('INSERT INTO `or...', Array, false)
#4 C:\xampp\htdocs\caters\system\Model.php(394): CodeIgniter\Database\BaseBuilder->insert()
#5 C:\xampp\htdocs\caters\system\BaseModel.php(839): CodeIgniter\Model->doInsert(Array)
#6 C:\xampp\htdocs\caters\system\Model.php(800): CodeIgniter\BaseModel->insert(Array, true)
#7 C:\xampp\htdocs\caters\app\Controllers\Vendor.php(55): CodeIgniter\Model->insert(Array)
#8 C:\xampp\htdocs\caters\system\CodeIgniter.php(933): App\Controllers\Vendor->save_order()
#9 C:\xampp\htdocs\caters\system\CodeIgniter.php(509): CodeIgniter\CodeIgniter->runController(Object(App\Controllers\Vendor))
#10 C:\xampp\htdocs\caters\system\CodeIgniter.php(355): CodeIgniter\CodeIgniter->handleRequest(NULL, Object(Config\Cache), false)
#11 C:\xampp\htdocs\caters\system\Boot.php(334): CodeIgniter\CodeIgniter->run()
#12 C:\xampp\htdocs\caters\system\Boot.php(67): CodeIgniter\Boot::runCodeIgniter(Object(CodeIgniter\CodeIgniter))
#13 C:\xampp\htdocs\caters\index.php(56): CodeIgniter\Boot::bootWeb(Object(Config\Paths))
#14 {main}
CRITICAL - 2025-01-03 12:08:14 --> CodeIgniter\Database\Exceptions\DatabaseException: Operand should contain 1 column(s)
[Method: POST, Route: save_order]
in SYSTEMPATH\Database\BaseConnection.php on line 688.
 1 SYSTEMPATH\Database\BaseBuilder.php(2340): CodeIgniter\Database\BaseConnection->query('INSERT INTO `orders` (`start_date`, `end_date`, `venue`, `staff_time`, `staff`, `count`) VALUES (:start_date:, :end_date:, :venue:, :staff_time:, :staff:, :count:)', [...], false)
 2 SYSTEMPATH\Model.php(394): CodeIgniter\Database\BaseBuilder->insert()
 3 SYSTEMPATH\BaseModel.php(839): CodeIgniter\Model->doInsert([...])
 4 SYSTEMPATH\Model.php(800): CodeIgniter\BaseModel->insert([...], true)
 5 APPPATH\Controllers\Vendor.php(55): CodeIgniter\Model->insert([...])
 6 SYSTEMPATH\CodeIgniter.php(933): App\Controllers\Vendor->save_order()
 7 SYSTEMPATH\CodeIgniter.php(509): CodeIgniter\CodeIgniter->runController(Object(App\Controllers\Vendor))
 8 SYSTEMPATH\CodeIgniter.php(355): CodeIgniter\CodeIgniter->handleRequest(null, Object(Config\Cache), false)
 9 SYSTEMPATH\Boot.php(334): CodeIgniter\CodeIgniter->run()
10 SYSTEMPATH\Boot.php(67): CodeIgniter\Boot::runCodeIgniter(Object(CodeIgniter\CodeIgniter))
11 FCPATH\index.php(56): CodeIgniter\Boot::bootWeb(Object(Config\Paths))
CRITICAL - 2025-01-03 12:08:14 --> [Caused by] CodeIgniter\Database\Exceptions\DatabaseException: Operand should contain 1 column(s)
in SYSTEMPATH\Database\MySQLi\Connection.php on line 317.
 1 SYSTEMPATH\Database\BaseConnection.php(734): CodeIgniter\Database\MySQLi\Connection->execute('INSERT INTO `orders` (`start_date`, `end_date`, `venue`, `staff_time`, `staff`, `count`) VALUES (\'2025-01-01\', \'2025-01-04\', \'pune\', \'afternoon\', (\'ssb\',\'ssb2\'), \'2\')')
 2 SYSTEMPATH\Database\BaseConnection.php(648): CodeIgniter\Database\BaseConnection->simpleQuery('INSERT INTO `orders` (`start_date`, `end_date`, `venue`, `staff_time`, `staff`, `count`) VALUES (\'2025-01-01\', \'2025-01-04\', \'pune\', \'afternoon\', (\'ssb\',\'ssb2\'), \'2\')')
 3 SYSTEMPATH\Database\BaseBuilder.php(2340): CodeIgniter\Database\BaseConnection->query('INSERT INTO `orders` (`start_date`, `end_date`, `venue`, `staff_time`, `staff`, `count`) VALUES (:start_date:, :end_date:, :venue:, :staff_time:, :staff:, :count:)', [...], false)
 4 SYSTEMPATH\Model.php(394): CodeIgniter\Database\BaseBuilder->insert()
 5 SYSTEMPATH\BaseModel.php(839): CodeIgniter\Model->doInsert([...])
 6 SYSTEMPATH\Model.php(800): CodeIgniter\BaseModel->insert([...], true)
 7 APPPATH\Controllers\Vendor.php(55): CodeIgniter\Model->insert([...])
 8 SYSTEMPATH\CodeIgniter.php(933): App\Controllers\Vendor->save_order()
 9 SYSTEMPATH\CodeIgniter.php(509): CodeIgniter\CodeIgniter->runController(Object(App\Controllers\Vendor))
10 SYSTEMPATH\CodeIgniter.php(355): CodeIgniter\CodeIgniter->handleRequest(null, Object(Config\Cache), false)
11 SYSTEMPATH\Boot.php(334): CodeIgniter\CodeIgniter->run()
12 SYSTEMPATH\Boot.php(67): CodeIgniter\Boot::runCodeIgniter(Object(CodeIgniter\CodeIgniter))
13 FCPATH\index.php(56): CodeIgniter\Boot::bootWeb(Object(Config\Paths))
CRITICAL - 2025-01-03 12:08:14 --> [Caused by] mysqli_sql_exception: Operand should contain 1 column(s)
in SYSTEMPATH\Database\MySQLi\Connection.php on line 312.
 1 SYSTEMPATH\Database\MySQLi\Connection.php(312): mysqli->query('INSERT INTO `orders` (`start_date`, `end_date`, `venue`, `staff_time`, `staff`, `count`) VALUES (\'2025-01-01\', \'2025-01-04\', \'pune\', \'afternoon\', (\'ssb\',\'ssb2\'), \'2\')', 0)
 2 SYSTEMPATH\Database\BaseConnection.php(734): CodeIgniter\Database\MySQLi\Connection->execute('INSERT INTO `orders` (`start_date`, `end_date`, `venue`, `staff_time`, `staff`, `count`) VALUES (\'2025-01-01\', \'2025-01-04\', \'pune\', \'afternoon\', (\'ssb\',\'ssb2\'), \'2\')')
 3 SYSTEMPATH\Database\BaseConnection.php(648): CodeIgniter\Database\BaseConnection->simpleQuery('INSERT INTO `orders` (`start_date`, `end_date`, `venue`, `staff_time`, `staff`, `count`) VALUES (\'2025-01-01\', \'2025-01-04\', \'pune\', \'afternoon\', (\'ssb\',\'ssb2\'), \'2\')')
 4 SYSTEMPATH\Database\BaseBuilder.php(2340): CodeIgniter\Database\BaseConnection->query('INSERT INTO `orders` (`start_date`, `end_date`, `venue`, `staff_time`, `staff`, `count`) VALUES (:start_date:, :end_date:, :venue:, :staff_time:, :staff:, :count:)', [...], false)
 5 SYSTEMPATH\Model.php(394): CodeIgniter\Database\BaseBuilder->insert()
 6 SYSTEMPATH\BaseModel.php(839): CodeIgniter\Model->doInsert([...])
 7 SYSTEMPATH\Model.php(800): CodeIgniter\BaseModel->insert([...], true)
 8 APPPATH\Controllers\Vendor.php(55): CodeIgniter\Model->insert([...])
 9 SYSTEMPATH\CodeIgniter.php(933): App\Controllers\Vendor->save_order()
10 SYSTEMPATH\CodeIgniter.php(509): CodeIgniter\CodeIgniter->runController(Object(App\Controllers\Vendor))
11 SYSTEMPATH\CodeIgniter.php(355): CodeIgniter\CodeIgniter->handleRequest(null, Object(Config\Cache), false)
12 SYSTEMPATH\Boot.php(334): CodeIgniter\CodeIgniter->run()
13 SYSTEMPATH\Boot.php(67): CodeIgniter\Boot::runCodeIgniter(Object(CodeIgniter\CodeIgniter))
14 FCPATH\index.php(56): CodeIgniter\Boot::bootWeb(Object(Config\Paths))
